#
# There is insufficient memory for the Java Runtime Environment to continue.
# Native memory allocation (malloc) failed to allocate 1331536 bytes for Chunk::new
# Possible reasons:
#   The system is out of physical RAM or swap space
#   The process is running with CompressedOops enabled, and the Java Heap may be blocking the growth of the native heap
# Possible solutions:
#   Reduce memory load on the system
#   Increase physical memory or swap space
#   Check if swap backing store is full
#   Decrease Java heap size (-Xmx/-Xms)
#   Decrease number of Java threads
#   Decrease Java thread stack sizes (-Xss)
#   Set larger code cache with -XX:ReservedCodeCacheSize=
#   JVM is running with Zero Based Compressed Oops mode in which the Java heap is
#     placed in the first 32GB address space. The Java Heap base address is the
#     maximum limit for the native heap growth. Please use -XX:HeapBaseMinAddress
#     to set the Java Heap base and to place the Java Heap above 32GB virtual address.
# This output file may be truncated or incomplete.
#
#  Out of Memory Error (./src/hotspot/share/memory/arena.cpp:197), pid=13292, tid=13724
#
# JRE version: OpenJDK Runtime Environment (11.0.10) (build 11.0.10+0-b96-7249189)
# Java VM: OpenJDK 64-Bit Server VM (11.0.10+0-b96-7249189, mixed mode, tiered, compressed oops, g1 gc, windows-amd64)
# No core dump will be written. Minidumps are not enabled by default on client versions of Windows
#

---------------  S U M M A R Y ------------

Command Line: org.jetbrains.kotlin.cli.jvm.K2JVMCompiler @C:\AndroidProjects\RecipeApp\app\build\20220112_14451559876780168242.compiler.options

Host: Intel(R) Core(TM) i7-4720HQ CPU @ 2.60GHz, 8 cores, 15G,  Windows 10 , 64 bit Build 19041 (10.0.19041.1348)
Time: Wed Jan 12 22:08:59 2022 Turkey Standard Time elapsed time: 10.585951 seconds (0d 0h 0m 10s)

---------------  T H R E A D  ---------------

Current thread (0x0000013354d89800):  JavaThread "C2 CompilerThread2" daemon [_thread_in_native, id=13724, stack(0x00000008f4400000,0x00000008f4500000)]


Current CompileTask:
C2:  10586 11054       4       org.jetbrains.kotlin.resolve.calls.components.ClassicTypeSystemContextForCS::typeDepth (9 bytes)

Stack: [0x00000008f4400000,0x00000008f4500000]
Native frames: (J=compiled Java code, j=interpreted, Vv=VM code, C=native code)
V  [jvm.dll+0x5ecfaa]
V  [jvm.dll+0x722bd5]
V  [jvm.dll+0x72412d]
V  [jvm.dll+0x7247e3]
V  [jvm.dll+0x242928]
V  [jvm.dll+0xbc4fc]
V  [jvm.dll+0xbca0c]
V  [jvm.dll+0x352d7d]
V  [jvm.dll+0x19800c]
V  [jvm.dll+0x1fb70e]
V  [jvm.dll+0x1fa7f4]
V  [jvm.dll+0x18354c]
V  [jvm.dll+0x208ee7]
V  [jvm.dll+0x207731]
V  [jvm.dll+0x6eb1cf]
V  [jvm.dll+0x6e3d45]
V  [jvm.dll+0x5ebe96]
C  [ucrtbase.dll+0x21bb2]
C  [KERNEL32.DLL+0x17034]
C  [ntdll.dll+0x52651]


---------------  P R O C E S S  ---------------

Threads class SMR info:
_java_thread_list=0x0000013355d8e960, length=12, elements={
0x0000013334dbc800, 0x0000013354734800, 0x000001335473e800, 0x0000013354784800,
0x0000013354785000, 0x0000013354786000, 0x000001335478a800, 0x0000013354790800,
0x0000013354792000, 0x00000133548fa800, 0x00000133548fa000, 0x0000013354d89800
}

Java Threads: ( => current thread )
  0x0000013334dbc800 JavaThread "main" [_thread_in_Java, id=12908, stack(0x00000008f2c00000,0x00000008f2d00000)]
  0x0000013354734800 JavaThread "Reference Handler" daemon [_thread_blocked, id=3592, stack(0x00000008f3300000,0x00000008f3400000)]
  0x000001335473e800 JavaThread "Finalizer" daemon [_thread_blocked, id=13480, stack(0x00000008f3400000,0x00000008f3500000)]
  0x0000013354784800 JavaThread "Signal Dispatcher" daemon [_thread_blocked, id=512, stack(0x00000008f3500000,0x00000008f3600000)]
  0x0000013354785000 JavaThread "Attach Listener" daemon [_thread_blocked, id=14112, stack(0x00000008f3600000,0x00000008f3700000)]
  0x0000013354786000 JavaThread "Service Thread" daemon [_thread_blocked, id=8344, stack(0x00000008f3700000,0x00000008f3800000)]
  0x000001335478a800 JavaThread "C2 CompilerThread0" daemon [_thread_in_native, id=7248, stack(0x00000008f3800000,0x00000008f3900000)]
  0x0000013354790800 JavaThread "C1 CompilerThread0" daemon [_thread_in_native, id=13932, stack(0x00000008f3900000,0x00000008f3a00000)]
  0x0000013354792000 JavaThread "Sweeper thread" daemon [_thread_blocked, id=2928, stack(0x00000008f3a00000,0x00000008f3b00000)]
  0x00000133548fa800 JavaThread "Common-Cleaner" daemon [_thread_blocked, id=11676, stack(0x00000008f3c00000,0x00000008f3d00000)]
  0x00000133548fa000 JavaThread "C2 CompilerThread1" daemon [_thread_in_native, id=6488, stack(0x00000008f3d00000,0x00000008f3e00000)]
=>0x0000013354d89800 JavaThread "C2 CompilerThread2" daemon [_thread_in_native, id=13724, stack(0x00000008f4400000,0x00000008f4500000)]

Other Threads:
  0x0000013353e63000 VMThread "VM Thread" [stack: 0x00000008f3200000,0x00000008f3300000] [id=14172]
  0x00000133548f6800 WatcherThread [stack: 0x00000008f3b00000,0x00000008f3c00000] [id=2600]
  0x0000013334dd3000 GCTaskThread "GC Thread#0" [stack: 0x00000008f2d00000,0x00000008f2e00000] [id=8636]
  0x0000013354f94000 GCTaskThread "GC Thread#1" [stack: 0x00000008f3e00000,0x00000008f3f00000] [id=9656]
  0x0000013354d69800 GCTaskThread "GC Thread#2" [stack: 0x00000008f3f00000,0x00000008f4000000] [id=11976]
  0x0000013354fab800 GCTaskThread "GC Thread#3" [stack: 0x00000008f4000000,0x00000008f4100000] [id=13296]
  0x0000013354a83000 GCTaskThread "GC Thread#4" [stack: 0x00000008f4100000,0x00000008f4200000] [id=11740]
  0x0000013354da8000 GCTaskThread "GC Thread#5" [stack: 0x00000008f4200000,0x00000008f4300000] [id=8184]
  0x0000013356281800 GCTaskThread "GC Thread#6" [stack: 0x00000008f4900000,0x00000008f4a00000] [id=5240]
  0x0000013334e2e800 ConcurrentGCThread "G1 Main Marker" [stack: 0x00000008f2e00000,0x00000008f2f00000] [id=9832]
  0x0000013334e30000 ConcurrentGCThread "G1 Conc#0" [stack: 0x00000008f2f00000,0x00000008f3000000] [id=7516]
  0x0000013355041800 ConcurrentGCThread "G1 Conc#1" [stack: 0x00000008f4300000,0x00000008f4400000] [id=9604]
  0x0000013353d48800 ConcurrentGCThread "G1 Refine#0" [stack: 0x00000008f3000000,0x00000008f3100000] [id=6256]
  0x000001335965f800 ConcurrentGCThread "G1 Refine#1" [stack: 0x00000008f4500000,0x00000008f4600000] [id=10048]
  0x0000013356034800 ConcurrentGCThread "G1 Refine#2" [stack: 0x00000008f4600000,0x00000008f4700000] [id=11952]
  0x0000013355334000 ConcurrentGCThread "G1 Refine#3" [stack: 0x00000008f4700000,0x00000008f4800000] [id=12676]
  0x0000013355bc9800 ConcurrentGCThread "G1 Refine#4" [stack: 0x00000008f4800000,0x00000008f4900000] [id=3120]
  0x0000013353d49000 ConcurrentGCThread "G1 Young RemSet Sampling" [stack: 0x00000008f3100000,0x00000008f3200000] [id=10728]

Threads with active compile tasks:
C2 CompilerThread0  10610 10767       4       org.jetbrains.kotlin.types.AbstractTypeChecker::isSubtypeOf (46 bytes)
C2 CompilerThread1  10610 11095       4       org.jetbrains.kotlin.types.TypeUtils::contains (336 bytes)
C2 CompilerThread2  10610 11054       4       org.jetbrains.kotlin.resolve.calls.components.ClassicTypeSystemContextForCS::typeDepth (9 bytes)

VM state:not at safepoint (normal execution)

VM Mutex/Monitor currently owned by a thread: None

Heap address: 0x0000000701c00000, size: 4068 MB, Compressed Oops mode: Zero based, Oop shift amount: 3
Narrow klass base: 0x0000000800000000, Narrow klass shift: 0
Compressed class space size: 1073741824 Address: 0x0000000800000000

Heap:
 garbage-first heap   total 315392K, used 159653K [0x0000000701c00000, 0x0000000800000000)
  region size 1024K, 111 young (113664K), 16 survivors (16384K)
 Metaspace       used 69478K, capacity 70387K, committed 70664K, reserved 1112064K
  class space    used 7765K, capacity 8130K, committed 8192K, reserved 1048576K
Heap Regions: E=young(eden), S=young(survivor), O=old, HS=humongous(starts), HC=humongous(continues), CS=collection set, F=free, A=archive, TAMS=top-at-mark-start (previous, next)
|   0|0x0000000701c00000, 0x0000000701d00000, 0x0000000701d00000|100%|HS|  |TAMS 0x0000000701d00000, 0x0000000701c00000| Complete 
|   1|0x0000000701d00000, 0x0000000701e00000, 0x0000000701e00000|100%|HC|  |TAMS 0x0000000701e00000, 0x0000000701d00000| Complete 
|   2|0x0000000701e00000, 0x0000000701f00000, 0x0000000701f00000|100%|HC|  |TAMS 0x0000000701f00000, 0x0000000701e00000| Complete 
|   3|0x0000000701f00000, 0x0000000702000000, 0x0000000702000000|100%|HS|  |TAMS 0x0000000702000000, 0x0000000701f00000| Complete 
|   4|0x0000000702000000, 0x0000000702100000, 0x0000000702100000|100%|HC|  |TAMS 0x0000000702100000, 0x0000000702000000| Complete 
|   5|0x0000000702100000, 0x0000000702200000, 0x0000000702200000|100%|HC|  |TAMS 0x0000000702200000, 0x0000000702100000| Complete 
|   6|0x0000000702200000, 0x0000000702300000, 0x0000000702300000|100%|HS|  |TAMS 0x0000000702300000, 0x0000000702200000| Complete 
|   7|0x0000000702300000, 0x0000000702400000, 0x0000000702400000|100%|HC|  |TAMS 0x0000000702400000, 0x0000000702300000| Complete 
|   8|0x0000000702400000, 0x0000000702500000, 0x0000000702500000|100%| O|  |TAMS 0x0000000702500000, 0x0000000702400000| Untracked 
|   9|0x0000000702500000, 0x0000000702600000, 0x0000000702600000|100%| O|  |TAMS 0x0000000702600000, 0x0000000702500000| Untracked 
|  10|0x0000000702600000, 0x0000000702700000, 0x0000000702700000|100%| O|  |TAMS 0x0000000702700000, 0x0000000702600000| Untracked 
|  11|0x0000000702700000, 0x0000000702800000, 0x0000000702800000|100%| O|  |TAMS 0x0000000702800000, 0x0000000702700000| Untracked 
|  12|0x0000000702800000, 0x0000000702900000, 0x0000000702900000|100%| O|  |TAMS 0x0000000702900000, 0x0000000702800000| Untracked 
|  13|0x0000000702900000, 0x0000000702a00000, 0x0000000702a00000|100%| O|  |TAMS 0x0000000702a00000, 0x0000000702900000| Untracked 
|  14|0x0000000702a00000, 0x0000000702b00000, 0x0000000702b00000|100%| O|  |TAMS 0x0000000702b00000, 0x0000000702a00000| Untracked 
|  15|0x0000000702b00000, 0x0000000702c00000, 0x0000000702c00000|100%| O|  |TAMS 0x0000000702c00000, 0x0000000702b00000| Untracked 
|  16|0x0000000702c00000, 0x0000000702d00000, 0x0000000702d00000|100%| O|  |TAMS 0x0000000702d00000, 0x0000000702c00000| Untracked 
|  17|0x0000000702d00000, 0x0000000702e00000, 0x0000000702e00000|100%| O|  |TAMS 0x0000000702e00000, 0x0000000702d00000| Untracked 
|  18|0x0000000702e00000, 0x0000000702f00000, 0x0000000702f00000|100%| O|  |TAMS 0x0000000702f00000, 0x0000000702e00000| Untracked 
|  19|0x0000000702f00000, 0x0000000703000000, 0x0000000703000000|100%| O|  |TAMS 0x0000000703000000, 0x0000000702f00000| Untracked 
|  20|0x0000000703000000, 0x0000000703100000, 0x0000000703100000|100%| O|  |TAMS 0x0000000703100000, 0x0000000703000000| Untracked 
|  21|0x0000000703100000, 0x0000000703200000, 0x0000000703200000|100%| O|  |TAMS 0x0000000703200000, 0x0000000703100000| Untracked 
|  22|0x0000000703200000, 0x0000000703300000, 0x0000000703300000|100%| O|  |TAMS 0x0000000703300000, 0x0000000703200000| Untracked 
|  23|0x0000000703300000, 0x0000000703400000, 0x0000000703400000|100%| O|  |TAMS 0x0000000703400000, 0x0000000703300000| Untracked 
|  24|0x0000000703400000, 0x0000000703500000, 0x0000000703500000|100%| O|  |TAMS 0x0000000703500000, 0x0000000703400000| Untracked 
|  25|0x0000000703500000, 0x0000000703600000, 0x0000000703600000|100%| O|  |TAMS 0x0000000703600000, 0x0000000703500000| Untracked 
|  26|0x0000000703600000, 0x0000000703700000, 0x0000000703700000|100%| O|  |TAMS 0x0000000703614a00, 0x0000000703600000| Untracked 
|  27|0x0000000703700000, 0x0000000703800000, 0x0000000703800000|100%| O|  |TAMS 0x0000000703700000, 0x0000000703700000| Untracked 
|  28|0x0000000703800000, 0x0000000703900000, 0x0000000703900000|100%| O|  |TAMS 0x0000000703800000, 0x0000000703800000| Untracked 
|  29|0x0000000703900000, 0x0000000703a00000, 0x0000000703a00000|100%| O|  |TAMS 0x0000000703900000, 0x0000000703900000| Untracked 
|  30|0x0000000703a00000, 0x0000000703b00000, 0x0000000703b00000|100%| O|  |TAMS 0x0000000703a00000, 0x0000000703a00000| Untracked 
|  31|0x0000000703b00000, 0x0000000703c00000, 0x0000000703c00000|100%| O|  |TAMS 0x0000000703b00000, 0x0000000703b00000| Untracked 
|  32|0x0000000703c00000, 0x0000000703d00000, 0x0000000703d00000|100%| O|  |TAMS 0x0000000703c00000, 0x0000000703c00000| Untracked 
|  33|0x0000000703d00000, 0x0000000703e00000, 0x0000000703e00000|100%| O|  |TAMS 0x0000000703d00000, 0x0000000703d00000| Untracked 
|  34|0x0000000703e00000, 0x0000000703f00000, 0x0000000703f00000|100%| O|  |TAMS 0x0000000703e00000, 0x0000000703e00000| Untracked 
|  35|0x0000000703f00000, 0x0000000704000000, 0x0000000704000000|100%| O|  |TAMS 0x0000000703f00000, 0x0000000703f00000| Untracked 
|  36|0x0000000704000000, 0x0000000704100000, 0x0000000704100000|100%| O|  |TAMS 0x0000000704000000, 0x0000000704000000| Untracked 
|  37|0x0000000704100000, 0x0000000704200000, 0x0000000704200000|100%| O|  |TAMS 0x0000000704100000, 0x0000000704100000| Untracked 
|  38|0x0000000704200000, 0x0000000704300000, 0x0000000704300000|100%| O|  |TAMS 0x0000000704200000, 0x0000000704200000| Untracked 
|  39|0x0000000704300000, 0x0000000704400000, 0x0000000704400000|100%| O|  |TAMS 0x0000000704300000, 0x0000000704300000| Untracked 
|  40|0x0000000704400000, 0x0000000704500000, 0x0000000704500000|100%| O|  |TAMS 0x0000000704400000, 0x0000000704400000| Untracked 
|  41|0x0000000704500000, 0x0000000704600000, 0x0000000704600000|100%| O|  |TAMS 0x0000000704500000, 0x0000000704500000| Untracked 
|  42|0x0000000704600000, 0x0000000704700000, 0x0000000704700000|100%| O|  |TAMS 0x0000000704600000, 0x0000000704600000| Untracked 
|  43|0x0000000704700000, 0x0000000704717200, 0x0000000704800000|  9%| O|  |TAMS 0x0000000704700000, 0x0000000704700000| Untracked 
|  44|0x0000000704800000, 0x0000000704900000, 0x0000000704900000|100%|HS|  |TAMS 0x0000000704800000, 0x0000000704800000| Complete 
|  45|0x0000000704900000, 0x0000000704a00000, 0x0000000704a00000|100%|HC|  |TAMS 0x0000000704900000, 0x0000000704900000| Complete 
|  46|0x0000000704a00000, 0x0000000704b00000, 0x0000000704b00000|100%|HS|  |TAMS 0x0000000704a00000, 0x0000000704a00000| Complete 
|  47|0x0000000704b00000, 0x0000000704b00000, 0x0000000704c00000|  0%| F|  |TAMS 0x0000000704b00000, 0x0000000704b00000| Untracked 
|  48|0x0000000704c00000, 0x0000000704c00000, 0x0000000704d00000|  0%| F|  |TAMS 0x0000000704c00000, 0x0000000704c00000| Untracked 
|  49|0x0000000704d00000, 0x0000000704d00000, 0x0000000704e00000|  0%| F|  |TAMS 0x0000000704d00000, 0x0000000704d00000| Untracked 
|  50|0x0000000704e00000, 0x0000000704e00000, 0x0000000704f00000|  0%| F|  |TAMS 0x0000000704e00000, 0x0000000704e00000| Untracked 
|  51|0x0000000704f00000, 0x0000000704f00000, 0x0000000705000000|  0%| F|  |TAMS 0x0000000704f00000, 0x0000000704f00000| Untracked 
|  52|0x0000000705000000, 0x0000000705000000, 0x0000000705100000|  0%| F|  |TAMS 0x0000000705000000, 0x0000000705000000| Untracked 
|  53|0x0000000705100000, 0x0000000705100000, 0x0000000705200000|  0%| F|  |TAMS 0x0000000705100000, 0x0000000705100000| Untracked 
|  54|0x0000000705200000, 0x0000000705200000, 0x0000000705300000|  0%| F|  |TAMS 0x0000000705200000, 0x0000000705200000| Untracked 
|  55|0x0000000705300000, 0x0000000705300000, 0x0000000705400000|  0%| F|  |TAMS 0x0000000705300000, 0x0000000705300000| Untracked 
|  56|0x0000000705400000, 0x0000000705400000, 0x0000000705500000|  0%| F|  |TAMS 0x0000000705400000, 0x0000000705400000| Untracked 
|  57|0x0000000705500000, 0x0000000705500000, 0x0000000705600000|  0%| F|  |TAMS 0x0000000705500000, 0x0000000705500000| Untracked 
|  58|0x0000000705600000, 0x0000000705600000, 0x0000000705700000|  0%| F|  |TAMS 0x0000000705600000, 0x0000000705600000| Untracked 
|  59|0x0000000705700000, 0x0000000705700000, 0x0000000705800000|  0%| F|  |TAMS 0x0000000705700000, 0x0000000705700000| Untracked 
|  60|0x0000000705800000, 0x0000000705800000, 0x0000000705900000|  0%| F|  |TAMS 0x0000000705800000, 0x0000000705800000| Untracked 
|  61|0x0000000705900000, 0x0000000705900000, 0x0000000705a00000|  0%| F|  |TAMS 0x0000000705900000, 0x0000000705900000| Untracked 
|  62|0x0000000705a00000, 0x0000000705a00000, 0x0000000705b00000|  0%| F|  |TAMS 0x0000000705a00000, 0x0000000705a00000| Untracked 
|  63|0x0000000705b00000, 0x0000000705b00000, 0x0000000705c00000|  0%| F|  |TAMS 0x0000000705b00000, 0x0000000705b00000| Untracked 
|  64|0x0000000705c00000, 0x0000000705c00000, 0x0000000705d00000|  0%| F|  |TAMS 0x0000000705c00000, 0x0000000705c00000| Untracked 
|  65|0x0000000705d00000, 0x0000000705d00000, 0x0000000705e00000|  0%| F|  |TAMS 0x0000000705d00000, 0x0000000705d00000| Untracked 
|  66|0x0000000705e00000, 0x0000000705e00000, 0x0000000705f00000|  0%| F|  |TAMS 0x0000000705e00000, 0x0000000705e00000| Untracked 
|  67|0x0000000705f00000, 0x0000000705f00000, 0x0000000706000000|  0%| F|  |TAMS 0x0000000705f00000, 0x0000000705f00000| Untracked 
|  68|0x0000000706000000, 0x0000000706000000, 0x0000000706100000|  0%| F|  |TAMS 0x0000000706000000, 0x0000000706000000| Untracked 
|  69|0x0000000706100000, 0x0000000706100000, 0x0000000706200000|  0%| F|  |TAMS 0x0000000706100000, 0x0000000706100000| Untracked 
|  70|0x0000000706200000, 0x0000000706200000, 0x0000000706300000|  0%| F|  |TAMS 0x0000000706200000, 0x0000000706200000| Untracked 
|  71|0x0000000706300000, 0x0000000706300000, 0x0000000706400000|  0%| F|  |TAMS 0x0000000706300000, 0x0000000706300000| Untracked 
|  72|0x0000000706400000, 0x0000000706400000, 0x0000000706500000|  0%| F|  |TAMS 0x0000000706400000, 0x0000000706400000| Untracked 
|  73|0x0000000706500000, 0x0000000706500000, 0x0000000706600000|  0%| F|  |TAMS 0x0000000706500000, 0x0000000706500000| Untracked 
|  74|0x0000000706600000, 0x0000000706600000, 0x0000000706700000|  0%| F|  |TAMS 0x0000000706600000, 0x0000000706600000| Untracked 
|  75|0x0000000706700000, 0x0000000706700000, 0x0000000706800000|  0%| F|  |TAMS 0x0000000706700000, 0x0000000706700000| Untracked 
|  76|0x0000000706800000, 0x0000000706800000, 0x0000000706900000|  0%| F|  |TAMS 0x0000000706800000, 0x0000000706800000| Untracked 
|  77|0x0000000706900000, 0x0000000706900000, 0x0000000706a00000|  0%| F|  |TAMS 0x0000000706900000, 0x0000000706900000| Untracked 
|  78|0x0000000706a00000, 0x0000000706a00000, 0x0000000706b00000|  0%| F|  |TAMS 0x0000000706a00000, 0x0000000706a00000| Untracked 
|  79|0x0000000706b00000, 0x0000000706b00000, 0x0000000706c00000|  0%| F|  |TAMS 0x0000000706b00000, 0x0000000706b00000| Untracked 
|  80|0x0000000706c00000, 0x0000000706c00000, 0x0000000706d00000|  0%| F|  |TAMS 0x0000000706c00000, 0x0000000706c00000| Untracked 
|  81|0x0000000706d00000, 0x0000000706d00000, 0x0000000706e00000|  0%| F|  |TAMS 0x0000000706d00000, 0x0000000706d00000| Untracked 
|  82|0x0000000706e00000, 0x0000000706e00000, 0x0000000706f00000|  0%| F|  |TAMS 0x0000000706e00000, 0x0000000706e00000| Untracked 
|  83|0x0000000706f00000, 0x0000000706f00000, 0x0000000707000000|  0%| F|  |TAMS 0x0000000706f00000, 0x0000000706f00000| Untracked 
|  84|0x0000000707000000, 0x0000000707000000, 0x0000000707100000|  0%| F|  |TAMS 0x0000000707000000, 0x0000000707000000| Untracked 
|  85|0x0000000707100000, 0x0000000707100000, 0x0000000707200000|  0%| F|  |TAMS 0x0000000707100000, 0x0000000707100000| Untracked 
|  86|0x0000000707200000, 0x0000000707200000, 0x0000000707300000|  0%| F|  |TAMS 0x0000000707200000, 0x0000000707200000| Untracked 
|  87|0x0000000707300000, 0x0000000707300000, 0x0000000707400000|  0%| F|  |TAMS 0x0000000707300000, 0x0000000707300000| Untracked 
|  88|0x0000000707400000, 0x0000000707400000, 0x0000000707500000|  0%| F|  |TAMS 0x0000000707400000, 0x0000000707400000| Untracked 
|  89|0x0000000707500000, 0x0000000707500000, 0x0000000707600000|  0%| F|  |TAMS 0x0000000707500000, 0x0000000707500000| Untracked 
|  90|0x0000000707600000, 0x0000000707600000, 0x0000000707700000|  0%| F|  |TAMS 0x0000000707600000, 0x0000000707600000| Untracked 
|  91|0x0000000707700000, 0x0000000707700000, 0x0000000707800000|  0%| F|  |TAMS 0x0000000707700000, 0x0000000707700000| Untracked 
|  92|0x0000000707800000, 0x0000000707800000, 0x0000000707900000|  0%| F|  |TAMS 0x0000000707800000, 0x0000000707800000| Untracked 
|  93|0x0000000707900000, 0x0000000707900000, 0x0000000707a00000|  0%| F|  |TAMS 0x0000000707900000, 0x0000000707900000| Untracked 
|  94|0x0000000707a00000, 0x0000000707a00000, 0x0000000707b00000|  0%| F|  |TAMS 0x0000000707a00000, 0x0000000707a00000| Untracked 
|  95|0x0000000707b00000, 0x0000000707b00000, 0x0000000707c00000|  0%| F|  |TAMS 0x0000000707b00000, 0x0000000707b00000| Untracked 
|  96|0x0000000707c00000, 0x0000000707c00000, 0x0000000707d00000|  0%| F|  |TAMS 0x0000000707c00000, 0x0000000707c00000| Untracked 
|  97|0x0000000707d00000, 0x0000000707d00000, 0x0000000707e00000|  0%| F|  |TAMS 0x0000000707d00000, 0x0000000707d00000| Untracked 
|  98|0x0000000707e00000, 0x0000000707e00000, 0x0000000707f00000|  0%| F|  |TAMS 0x0000000707e00000, 0x0000000707e00000| Untracked 
|  99|0x0000000707f00000, 0x0000000707f00000, 0x0000000708000000|  0%| F|  |TAMS 0x0000000707f00000, 0x0000000707f00000| Untracked 
| 100|0x0000000708000000, 0x0000000708000000, 0x0000000708100000|  0%| F|  |TAMS 0x0000000708000000, 0x0000000708000000| Untracked 
| 101|0x0000000708100000, 0x0000000708100000, 0x0000000708200000|  0%| F|  |TAMS 0x0000000708100000, 0x0000000708100000| Untracked 
| 102|0x0000000708200000, 0x0000000708200000, 0x0000000708300000|  0%| F|  |TAMS 0x0000000708200000, 0x0000000708200000| Untracked 
| 103|0x0000000708300000, 0x0000000708300000, 0x0000000708400000|  0%| F|  |TAMS 0x0000000708300000, 0x0000000708300000| Untracked 
| 104|0x0000000708400000, 0x0000000708400000, 0x0000000708500000|  0%| F|  |TAMS 0x0000000708400000, 0x0000000708400000| Untracked 
| 105|0x0000000708500000, 0x0000000708500000, 0x0000000708600000|  0%| F|  |TAMS 0x0000000708500000, 0x0000000708500000| Untracked 
| 106|0x0000000708600000, 0x0000000708600000, 0x0000000708700000|  0%| F|  |TAMS 0x0000000708600000, 0x0000000708600000| Untracked 
| 107|0x0000000708700000, 0x0000000708700000, 0x0000000708800000|  0%| F|  |TAMS 0x0000000708700000, 0x0000000708700000| Untracked 
| 108|0x0000000708800000, 0x0000000708800000, 0x0000000708900000|  0%| F|  |TAMS 0x0000000708800000, 0x0000000708800000| Untracked 
| 109|0x0000000708900000, 0x0000000708900000, 0x0000000708a00000|  0%| F|  |TAMS 0x0000000708900000, 0x0000000708900000| Untracked 
| 110|0x0000000708a00000, 0x0000000708a00000, 0x0000000708b00000|  0%| F|  |TAMS 0x0000000708a00000, 0x0000000708a00000| Untracked 
| 111|0x0000000708b00000, 0x0000000708b00000, 0x0000000708c00000|  0%| F|  |TAMS 0x0000000708b00000, 0x0000000708b00000| Untracked 
| 112|0x0000000708c00000, 0x0000000708c00000, 0x0000000708d00000|  0%| F|  |TAMS 0x0000000708c00000, 0x0000000708c00000| Untracked 
| 113|0x0000000708d00000, 0x0000000708d00000, 0x0000000708e00000|  0%| F|  |TAMS 0x0000000708d00000, 0x0000000708d00000| Untracked 
| 114|0x0000000708e00000, 0x0000000708e00000, 0x0000000708f00000|  0%| F|  |TAMS 0x0000000708e00000, 0x0000000708e00000| Untracked 
| 115|0x0000000708f00000, 0x0000000708f00000, 0x0000000709000000|  0%| F|  |TAMS 0x0000000708f00000, 0x0000000708f00000| Untracked 
| 116|0x0000000709000000, 0x0000000709000000, 0x0000000709100000|  0%| F|  |TAMS 0x0000000709000000, 0x0000000709000000| Untracked 
| 117|0x0000000709100000, 0x0000000709100000, 0x0000000709200000|  0%| F|  |TAMS 0x0000000709100000, 0x0000000709100000| Untracked 
| 118|0x0000000709200000, 0x0000000709200000, 0x0000000709300000|  0%| F|  |TAMS 0x0000000709200000, 0x0000000709200000| Untracked 
| 119|0x0000000709300000, 0x0000000709300000, 0x0000000709400000|  0%| F|  |TAMS 0x0000000709300000, 0x0000000709300000| Untracked 
| 120|0x0000000709400000, 0x0000000709400000, 0x0000000709500000|  0%| F|  |TAMS 0x0000000709400000, 0x0000000709400000| Untracked 
| 121|0x0000000709500000, 0x0000000709500000, 0x0000000709600000|  0%| F|  |TAMS 0x0000000709500000, 0x0000000709500000| Untracked 
| 122|0x0000000709600000, 0x0000000709600000, 0x0000000709700000|  0%| F|  |TAMS 0x0000000709600000, 0x0000000709600000| Untracked 
| 123|0x0000000709700000, 0x0000000709700000, 0x0000000709800000|  0%| F|  |TAMS 0x0000000709700000, 0x0000000709700000| Untracked 
| 124|0x0000000709800000, 0x0000000709800000, 0x0000000709900000|  0%| F|  |TAMS 0x0000000709800000, 0x0000000709800000| Untracked 
| 125|0x0000000709900000, 0x0000000709900000, 0x0000000709a00000|  0%| F|  |TAMS 0x0000000709900000, 0x0000000709900000| Untracked 
| 126|0x0000000709a00000, 0x0000000709a00000, 0x0000000709b00000|  0%| F|  |TAMS 0x0000000709a00000, 0x0000000709a00000| Untracked 
| 127|0x0000000709b00000, 0x0000000709b00000, 0x0000000709c00000|  0%| F|  |TAMS 0x0000000709b00000, 0x0000000709b00000| Untracked 
| 128|0x0000000709c00000, 0x0000000709c00000, 0x0000000709d00000|  0%| F|  |TAMS 0x0000000709c00000, 0x0000000709c00000| Untracked 
| 129|0x0000000709d00000, 0x0000000709d00000, 0x0000000709e00000|  0%| F|  |TAMS 0x0000000709d00000, 0x0000000709d00000| Untracked 
| 130|0x0000000709e00000, 0x0000000709e00000, 0x0000000709f00000|  0%| F|  |TAMS 0x0000000709e00000, 0x0000000709e00000| Untracked 
| 131|0x0000000709f00000, 0x0000000709f00000, 0x000000070a000000|  0%| F|  |TAMS 0x0000000709f00000, 0x0000000709f00000| Untracked 
| 132|0x000000070a000000, 0x000000070a000000, 0x000000070a100000|  0%| F|  |TAMS 0x000000070a000000, 0x000000070a000000| Untracked 
| 133|0x000000070a100000, 0x000000070a100000, 0x000000070a200000|  0%| F|  |TAMS 0x000000070a100000, 0x000000070a100000| Untracked 
| 134|0x000000070a200000, 0x000000070a200000, 0x000000070a300000|  0%| F|  |TAMS 0x000000070a200000, 0x000000070a200000| Untracked 
| 135|0x000000070a300000, 0x000000070a300000, 0x000000070a400000|  0%| F|  |TAMS 0x000000070a300000, 0x000000070a300000| Untracked 
| 136|0x000000070a400000, 0x000000070a400000, 0x000000070a500000|  0%| F|  |TAMS 0x000000070a400000, 0x000000070a400000| Untracked 
| 137|0x000000070a500000, 0x000000070a500000, 0x000000070a600000|  0%| F|  |TAMS 0x000000070a500000, 0x000000070a500000| Untracked 
| 138|0x000000070a600000, 0x000000070a600000, 0x000000070a700000|  0%| F|  |TAMS 0x000000070a600000, 0x000000070a600000| Untracked 
| 139|0x000000070a700000, 0x000000070a700000, 0x000000070a800000|  0%| F|  |TAMS 0x000000070a700000, 0x000000070a700000| Untracked 
| 140|0x000000070a800000, 0x000000070a800000, 0x000000070a900000|  0%| F|  |TAMS 0x000000070a800000, 0x000000070a800000| Untracked 
| 141|0x000000070a900000, 0x000000070a900000, 0x000000070aa00000|  0%| F|  |TAMS 0x000000070a900000, 0x000000070a900000| Untracked 
| 142|0x000000070aa00000, 0x000000070aa00000, 0x000000070ab00000|  0%| F|  |TAMS 0x000000070aa00000, 0x000000070aa00000| Untracked 
| 143|0x000000070ab00000, 0x000000070ab00000, 0x000000070ac00000|  0%| F|  |TAMS 0x000000070ab00000, 0x000000070ab00000| Untracked 
| 144|0x000000070ac00000, 0x000000070ac00000, 0x000000070ad00000|  0%| F|  |TAMS 0x000000070ac00000, 0x000000070ac00000| Untracked 
| 145|0x000000070ad00000, 0x000000070ad00000, 0x000000070ae00000|  0%| F|  |TAMS 0x000000070ad00000, 0x000000070ad00000| Untracked 
| 146|0x000000070ae00000, 0x000000070ae00000, 0x000000070af00000|  0%| F|  |TAMS 0x000000070ae00000, 0x000000070ae00000| Untracked 
| 147|0x000000070af00000, 0x000000070af00000, 0x000000070b000000|  0%| F|  |TAMS 0x000000070af00000, 0x000000070af00000| Untracked 
| 148|0x000000070b000000, 0x000000070b000000, 0x000000070b100000|  0%| F|  |TAMS 0x000000070b000000, 0x000000070b000000| Untracked 
| 149|0x000000070b100000, 0x000000070b100000, 0x000000070b200000|  0%| F|  |TAMS 0x000000070b100000, 0x000000070b100000| Untracked 
| 150|0x000000070b200000, 0x000000070b200000, 0x000000070b300000|  0%| F|  |TAMS 0x000000070b200000, 0x000000070b200000| Untracked 
| 151|0x000000070b300000, 0x000000070b300000, 0x000000070b400000|  0%| F|  |TAMS 0x000000070b300000, 0x000000070b300000| Untracked 
| 152|0x000000070b400000, 0x000000070b400000, 0x000000070b500000|  0%| F|  |TAMS 0x000000070b400000, 0x000000070b400000| Untracked 
| 153|0x000000070b500000, 0x000000070b500000, 0x000000070b600000|  0%| F|  |TAMS 0x000000070b500000, 0x000000070b500000| Untracked 
| 154|0x000000070b600000, 0x000000070b600000, 0x000000070b700000|  0%| F|  |TAMS 0x000000070b600000, 0x000000070b600000| Untracked 
| 155|0x000000070b700000, 0x000000070b700000, 0x000000070b800000|  0%| F|  |TAMS 0x000000070b700000, 0x000000070b700000| Untracked 
| 156|0x000000070b800000, 0x000000070b800000, 0x000000070b900000|  0%| F|  |TAMS 0x000000070b800000, 0x000000070b800000| Untracked 
| 157|0x000000070b900000, 0x000000070b900000, 0x000000070ba00000|  0%| F|  |TAMS 0x000000070b900000, 0x000000070b900000| Untracked 
| 158|0x000000070ba00000, 0x000000070ba00000, 0x000000070bb00000|  0%| F|  |TAMS 0x000000070ba00000, 0x000000070ba00000| Untracked 
| 159|0x000000070bb00000, 0x000000070bb00000, 0x000000070bc00000|  0%| F|  |TAMS 0x000000070bb00000, 0x000000070bb00000| Untracked 
| 160|0x000000070bc00000, 0x000000070bc00000, 0x000000070bd00000|  0%| F|  |TAMS 0x000000070bc00000, 0x000000070bc00000| Untracked 
| 161|0x000000070bd00000, 0x000000070bd00000, 0x000000070be00000|  0%| F|  |TAMS 0x000000070bd00000, 0x000000070bd00000| Untracked 
| 162|0x000000070be00000, 0x000000070bed2350, 0x000000070bf00000| 82%| S|CS|TAMS 0x000000070be00000, 0x000000070be00000| Complete 
| 163|0x000000070bf00000, 0x000000070c000000, 0x000000070c000000|100%| S|CS|TAMS 0x000000070bf00000, 0x000000070bf00000| Complete 
| 164|0x000000070c000000, 0x000000070c100000, 0x000000070c100000|100%| S|CS|TAMS 0x000000070c000000, 0x000000070c000000| Complete 
| 165|0x000000070c100000, 0x000000070c200000, 0x000000070c200000|100%| S|CS|TAMS 0x000000070c100000, 0x000000070c100000| Complete 
| 166|0x000000070c200000, 0x000000070c300000, 0x000000070c300000|100%| S|CS|TAMS 0x000000070c200000, 0x000000070c200000| Complete 
| 167|0x000000070c300000, 0x000000070c400000, 0x000000070c400000|100%| S|CS|TAMS 0x000000070c300000, 0x000000070c300000| Complete 
| 168|0x000000070c400000, 0x000000070c500000, 0x000000070c500000|100%| S|CS|TAMS 0x000000070c400000, 0x000000070c400000| Complete 
| 169|0x000000070c500000, 0x000000070c600000, 0x000000070c600000|100%| S|CS|TAMS 0x000000070c500000, 0x000000070c500000| Complete 
| 170|0x000000070c600000, 0x000000070c700000, 0x000000070c700000|100%| S|CS|TAMS 0x000000070c600000, 0x000000070c600000| Complete 
| 171|0x000000070c700000, 0x000000070c800000, 0x000000070c800000|100%| S|CS|TAMS 0x000000070c700000, 0x000000070c700000| Complete 
| 172|0x000000070c800000, 0x000000070c900000, 0x000000070c900000|100%| S|CS|TAMS 0x000000070c800000, 0x000000070c800000| Complete 
| 173|0x000000070c900000, 0x000000070ca00000, 0x000000070ca00000|100%| S|CS|TAMS 0x000000070c900000, 0x000000070c900000| Complete 
| 174|0x000000070ca00000, 0x000000070cb00000, 0x000000070cb00000|100%| S|CS|TAMS 0x000000070ca00000, 0x000000070ca00000| Complete 
| 175|0x000000070cb00000, 0x000000070cc00000, 0x000000070cc00000|100%| S|CS|TAMS 0x000000070cb00000, 0x000000070cb00000| Complete 
| 176|0x000000070cc00000, 0x000000070cd00000, 0x000000070cd00000|100%| S|CS|TAMS 0x000000070cc00000, 0x000000070cc00000| Complete 
| 177|0x000000070cd00000, 0x000000070ce00000, 0x000000070ce00000|100%| S|CS|TAMS 0x000000070cd00000, 0x000000070cd00000| Complete 
| 178|0x000000070ce00000, 0x000000070ce00000, 0x000000070cf00000|  0%| F|  |TAMS 0x000000070ce00000, 0x000000070ce00000| Untracked 
| 179|0x000000070cf00000, 0x000000070cf00000, 0x000000070d000000|  0%| F|  |TAMS 0x000000070cf00000, 0x000000070cf00000| Untracked 
| 180|0x000000070d000000, 0x000000070d000000, 0x000000070d100000|  0%| F|  |TAMS 0x000000070d000000, 0x000000070d000000| Untracked 
| 181|0x000000070d100000, 0x000000070d100000, 0x000000070d200000|  0%| F|  |TAMS 0x000000070d100000, 0x000000070d100000| Untracked 
| 182|0x000000070d200000, 0x000000070d200000, 0x000000070d300000|  0%| F|  |TAMS 0x000000070d200000, 0x000000070d200000| Untracked 
| 183|0x000000070d300000, 0x000000070d300000, 0x000000070d400000|  0%| F|  |TAMS 0x000000070d300000, 0x000000070d300000| Untracked 
| 184|0x000000070d400000, 0x000000070d400000, 0x000000070d500000|  0%| F|  |TAMS 0x000000070d400000, 0x000000070d400000| Untracked 
| 185|0x000000070d500000, 0x000000070d500000, 0x000000070d600000|  0%| F|  |TAMS 0x000000070d500000, 0x000000070d500000| Untracked 
| 186|0x000000070d600000, 0x000000070d600000, 0x000000070d700000|  0%| F|  |TAMS 0x000000070d600000, 0x000000070d600000| Untracked 
| 187|0x000000070d700000, 0x000000070d700000, 0x000000070d800000|  0%| F|  |TAMS 0x000000070d700000, 0x000000070d700000| Untracked 
| 188|0x000000070d800000, 0x000000070d800000, 0x000000070d900000|  0%| F|  |TAMS 0x000000070d800000, 0x000000070d800000| Untracked 
| 189|0x000000070d900000, 0x000000070d900000, 0x000000070da00000|  0%| F|  |TAMS 0x000000070d900000, 0x000000070d900000| Untracked 
| 190|0x000000070da00000, 0x000000070da00000, 0x000000070db00000|  0%| F|  |TAMS 0x000000070da00000, 0x000000070da00000| Untracked 
| 191|0x000000070db00000, 0x000000070db00000, 0x000000070dc00000|  0%| F|  |TAMS 0x000000070db00000, 0x000000070db00000| Untracked 
| 192|0x000000070dc00000, 0x000000070dc00000, 0x000000070dd00000|  0%| F|  |TAMS 0x000000070dc00000, 0x000000070dc00000| Untracked 
| 193|0x000000070dd00000, 0x000000070dd00000, 0x000000070de00000|  0%| F|  |TAMS 0x000000070dd00000, 0x000000070dd00000| Untracked 
| 194|0x000000070de00000, 0x000000070de00000, 0x000000070df00000|  0%| F|  |TAMS 0x000000070de00000, 0x000000070de00000| Untracked 
| 195|0x000000070df00000, 0x000000070df00000, 0x000000070e000000|  0%| F|  |TAMS 0x000000070df00000, 0x000000070df00000| Untracked 
| 196|0x000000070e000000, 0x000000070e000000, 0x000000070e100000|  0%| F|  |TAMS 0x000000070e000000, 0x000000070e000000| Untracked 
| 197|0x000000070e100000, 0x000000070e100000, 0x000000070e200000|  0%| F|  |TAMS 0x000000070e100000, 0x000000070e100000| Untracked 
| 198|0x000000070e200000, 0x000000070e200000, 0x000000070e300000|  0%| F|  |TAMS 0x000000070e200000, 0x000000070e200000| Untracked 
| 199|0x000000070e300000, 0x000000070e300000, 0x000000070e400000|  0%| F|  |TAMS 0x000000070e300000, 0x000000070e300000| Untracked 
| 200|0x000000070e400000, 0x000000070e400000, 0x000000070e500000|  0%| F|  |TAMS 0x000000070e400000, 0x000000070e400000| Untracked 
| 201|0x000000070e500000, 0x000000070e500000, 0x000000070e600000|  0%| F|  |TAMS 0x000000070e500000, 0x000000070e500000| Untracked 
| 202|0x000000070e600000, 0x000000070e600000, 0x000000070e700000|  0%| F|  |TAMS 0x000000070e600000, 0x000000070e600000| Untracked 
| 203|0x000000070e700000, 0x000000070e700000, 0x000000070e800000|  0%| F|  |TAMS 0x000000070e700000, 0x000000070e700000| Untracked 
| 204|0x000000070e800000, 0x000000070e800000, 0x000000070e900000|  0%| F|  |TAMS 0x000000070e800000, 0x000000070e800000| Untracked 
| 205|0x000000070e900000, 0x000000070e900000, 0x000000070ea00000|  0%| F|  |TAMS 0x000000070e900000, 0x000000070e900000| Untracked 
| 206|0x000000070ea00000, 0x000000070ea00000, 0x000000070eb00000|  0%| F|  |TAMS 0x000000070ea00000, 0x000000070ea00000| Untracked 
| 207|0x000000070eb00000, 0x000000070eb00000, 0x000000070ec00000|  0%| F|  |TAMS 0x000000070eb00000, 0x000000070eb00000| Untracked 
| 208|0x000000070ec00000, 0x000000070ec00000, 0x000000070ed00000|  0%| F|  |TAMS 0x000000070ec00000, 0x000000070ec00000| Untracked 
| 209|0x000000070ed00000, 0x000000070ed00000, 0x000000070ee00000|  0%| F|  |TAMS 0x000000070ed00000, 0x000000070ed00000| Untracked 
| 210|0x000000070ee00000, 0x000000070ee00000, 0x000000070ef00000|  0%| F|  |TAMS 0x000000070ee00000, 0x000000070ee00000| Untracked 
| 211|0x000000070ef00000, 0x000000070ef00000, 0x000000070f000000|  0%| F|  |TAMS 0x000000070ef00000, 0x000000070ef00000| Untracked 
| 212|0x000000070f000000, 0x000000070f000000, 0x000000070f100000|  0%| F|  |TAMS 0x000000070f000000, 0x000000070f000000| Untracked 
| 213|0x000000070f100000, 0x000000070f200000, 0x000000070f200000|100%| E|  |TAMS 0x000000070f100000, 0x000000070f100000| Complete 
| 214|0x000000070f200000, 0x000000070f300000, 0x000000070f300000|100%| E|CS|TAMS 0x000000070f200000, 0x000000070f200000| Complete 
| 215|0x000000070f300000, 0x000000070f400000, 0x000000070f400000|100%| E|CS|TAMS 0x000000070f300000, 0x000000070f300000| Complete 
| 216|0x000000070f400000, 0x000000070f500000, 0x000000070f500000|100%| E|CS|TAMS 0x000000070f400000, 0x000000070f400000| Complete 
| 217|0x000000070f500000, 0x000000070f600000, 0x000000070f600000|100%| E|CS|TAMS 0x000000070f500000, 0x000000070f500000| Complete 
| 218|0x000000070f600000, 0x000000070f700000, 0x000000070f700000|100%| E|CS|TAMS 0x000000070f600000, 0x000000070f600000| Complete 
| 219|0x000000070f700000, 0x000000070f800000, 0x000000070f800000|100%| E|CS|TAMS 0x000000070f700000, 0x000000070f700000| Complete 
| 220|0x000000070f800000, 0x000000070f900000, 0x000000070f900000|100%| E|CS|TAMS 0x000000070f800000, 0x000000070f800000| Complete 
| 221|0x000000070f900000, 0x000000070fa00000, 0x000000070fa00000|100%| E|CS|TAMS 0x000000070f900000, 0x000000070f900000| Complete 
| 222|0x000000070fa00000, 0x000000070fb00000, 0x000000070fb00000|100%| E|CS|TAMS 0x000000070fa00000, 0x000000070fa00000| Complete 
| 223|0x000000070fb00000, 0x000000070fc00000, 0x000000070fc00000|100%| E|CS|TAMS 0x000000070fb00000, 0x000000070fb00000| Complete 
| 224|0x000000070fc00000, 0x000000070fd00000, 0x000000070fd00000|100%| E|CS|TAMS 0x000000070fc00000, 0x000000070fc00000| Complete 
| 225|0x000000070fd00000, 0x000000070fe00000, 0x000000070fe00000|100%| E|CS|TAMS 0x000000070fd00000, 0x000000070fd00000| Complete 
| 226|0x000000070fe00000, 0x000000070ff00000, 0x000000070ff00000|100%| E|CS|TAMS 0x000000070fe00000, 0x000000070fe00000| Complete 
| 227|0x000000070ff00000, 0x0000000710000000, 0x0000000710000000|100%| E|CS|TAMS 0x000000070ff00000, 0x000000070ff00000| Complete 
| 228|0x0000000710000000, 0x0000000710100000, 0x0000000710100000|100%| E|CS|TAMS 0x0000000710000000, 0x0000000710000000| Complete 
| 229|0x0000000710100000, 0x0000000710200000, 0x0000000710200000|100%| E|CS|TAMS 0x0000000710100000, 0x0000000710100000| Complete 
| 230|0x0000000710200000, 0x0000000710300000, 0x0000000710300000|100%| E|CS|TAMS 0x0000000710200000, 0x0000000710200000| Complete 
| 231|0x0000000710300000, 0x0000000710400000, 0x0000000710400000|100%| E|CS|TAMS 0x0000000710300000, 0x0000000710300000| Complete 
| 232|0x0000000710400000, 0x0000000710500000, 0x0000000710500000|100%| E|CS|TAMS 0x0000000710400000, 0x0000000710400000| Complete 
| 233|0x0000000710500000, 0x0000000710600000, 0x0000000710600000|100%| E|CS|TAMS 0x0000000710500000, 0x0000000710500000| Complete 
| 234|0x0000000710600000, 0x0000000710700000, 0x0000000710700000|100%| E|CS|TAMS 0x0000000710600000, 0x0000000710600000| Complete 
| 235|0x0000000710700000, 0x0000000710800000, 0x0000000710800000|100%| E|CS|TAMS 0x0000000710700000, 0x0000000710700000| Complete 
| 236|0x0000000710800000, 0x0000000710900000, 0x0000000710900000|100%| E|CS|TAMS 0x0000000710800000, 0x0000000710800000| Complete 
| 237|0x0000000710900000, 0x0000000710a00000, 0x0000000710a00000|100%| E|CS|TAMS 0x0000000710900000, 0x0000000710900000| Complete 
| 238|0x0000000710a00000, 0x0000000710b00000, 0x0000000710b00000|100%| E|CS|TAMS 0x0000000710a00000, 0x0000000710a00000| Complete 
| 239|0x0000000710b00000, 0x0000000710c00000, 0x0000000710c00000|100%| E|CS|TAMS 0x0000000710b00000, 0x0000000710b00000| Complete 
| 240|0x0000000710c00000, 0x0000000710d00000, 0x0000000710d00000|100%| E|CS|TAMS 0x0000000710c00000, 0x0000000710c00000| Complete 
| 241|0x0000000710d00000, 0x0000000710e00000, 0x0000000710e00000|100%| E|CS|TAMS 0x0000000710d00000, 0x0000000710d00000| Complete 
| 242|0x0000000710e00000, 0x0000000710f00000, 0x0000000710f00000|100%| E|CS|TAMS 0x0000000710e00000, 0x0000000710e00000| Complete 
| 243|0x0000000710f00000, 0x0000000711000000, 0x0000000711000000|100%| E|CS|TAMS 0x0000000710f00000, 0x0000000710f00000| Complete 
| 244|0x0000000711000000, 0x0000000711100000, 0x0000000711100000|100%| E|CS|TAMS 0x0000000711000000, 0x0000000711000000| Complete 
| 245|0x0000000711100000, 0x0000000711200000, 0x0000000711200000|100%| E|CS|TAMS 0x0000000711100000, 0x0000000711100000| Complete 
| 246|0x0000000711200000, 0x0000000711300000, 0x0000000711300000|100%| E|CS|TAMS 0x0000000711200000, 0x0000000711200000| Complete 
| 247|0x0000000711300000, 0x0000000711400000, 0x0000000711400000|100%| E|CS|TAMS 0x0000000711300000, 0x0000000711300000| Complete 
| 248|0x0000000711400000, 0x0000000711500000, 0x0000000711500000|100%| E|CS|TAMS 0x0000000711400000, 0x0000000711400000| Complete 
| 249|0x0000000711500000, 0x0000000711600000, 0x0000000711600000|100%| E|CS|TAMS 0x0000000711500000, 0x0000000711500000| Complete 
| 250|0x0000000711600000, 0x0000000711700000, 0x0000000711700000|100%| E|CS|TAMS 0x0000000711600000, 0x0000000711600000| Complete 
| 251|0x0000000711700000, 0x0000000711800000, 0x0000000711800000|100%| E|CS|TAMS 0x0000000711700000, 0x0000000711700000| Complete 
| 252|0x0000000711800000, 0x0000000711900000, 0x0000000711900000|100%| E|CS|TAMS 0x0000000711800000, 0x0000000711800000| Complete 
| 253|0x0000000711900000, 0x0000000711a00000, 0x0000000711a00000|100%| E|CS|TAMS 0x0000000711900000, 0x0000000711900000| Complete 
| 254|0x0000000711a00000, 0x0000000711b00000, 0x0000000711b00000|100%| E|CS|TAMS 0x0000000711a00000, 0x0000000711a00000| Complete 
| 255|0x0000000711b00000, 0x0000000711c00000, 0x0000000711c00000|100%| E|CS|TAMS 0x0000000711b00000, 0x0000000711b00000| Complete 
| 256|0x0000000711c00000, 0x0000000711d00000, 0x0000000711d00000|100%| E|CS|TAMS 0x0000000711c00000, 0x0000000711c00000| Complete 
| 257|0x0000000711d00000, 0x0000000711e00000, 0x0000000711e00000|100%| E|CS|TAMS 0x0000000711d00000, 0x0000000711d00000| Complete 
| 258|0x0000000711e00000, 0x0000000711f00000, 0x0000000711f00000|100%| E|CS|TAMS 0x0000000711e00000, 0x0000000711e00000| Complete 
| 259|0x0000000711f00000, 0x0000000712000000, 0x0000000712000000|100%| E|CS|TAMS 0x0000000711f00000, 0x0000000711f00000| Complete 
| 260|0x0000000712000000, 0x0000000712100000, 0x0000000712100000|100%| E|CS|TAMS 0x0000000712000000, 0x0000000712000000| Complete 
| 261|0x0000000712100000, 0x0000000712200000, 0x0000000712200000|100%| E|CS|TAMS 0x0000000712100000, 0x0000000712100000| Complete 
| 262|0x0000000712200000, 0x0000000712300000, 0x0000000712300000|100%| E|CS|TAMS 0x0000000712200000, 0x0000000712200000| Complete 
| 263|0x0000000712300000, 0x0000000712400000, 0x0000000712400000|100%| E|CS|TAMS 0x0000000712300000, 0x0000000712300000| Complete 
| 264|0x0000000712400000, 0x0000000712500000, 0x0000000712500000|100%| E|CS|TAMS 0x0000000712400000, 0x0000000712400000| Complete 
| 265|0x0000000712500000, 0x0000000712600000, 0x0000000712600000|100%| E|CS|TAMS 0x0000000712500000, 0x0000000712500000| Complete 
| 266|0x0000000712600000, 0x0000000712700000, 0x0000000712700000|100%| E|CS|TAMS 0x0000000712600000, 0x0000000712600000| Complete 
| 267|0x0000000712700000, 0x0000000712800000, 0x0000000712800000|100%| E|CS|TAMS 0x0000000712700000, 0x0000000712700000| Complete 
| 268|0x0000000712800000, 0x0000000712900000, 0x0000000712900000|100%| E|CS|TAMS 0x0000000712800000, 0x0000000712800000| Complete 
| 269|0x0000000712900000, 0x0000000712a00000, 0x0000000712a00000|100%| E|CS|TAMS 0x0000000712900000, 0x0000000712900000| Complete 
| 270|0x0000000712a00000, 0x0000000712b00000, 0x0000000712b00000|100%| E|CS|TAMS 0x0000000712a00000, 0x0000000712a00000| Complete 
| 271|0x0000000712b00000, 0x0000000712c00000, 0x0000000712c00000|100%| E|CS|TAMS 0x0000000712b00000, 0x0000000712b00000| Complete 
| 272|0x0000000712c00000, 0x0000000712d00000, 0x0000000712d00000|100%| E|CS|TAMS 0x0000000712c00000, 0x0000000712c00000| Complete 
| 273|0x0000000712d00000, 0x0000000712e00000, 0x0000000712e00000|100%| E|CS|TAMS 0x0000000712d00000, 0x0000000712d00000| Complete 
| 274|0x0000000712e00000, 0x0000000712f00000, 0x0000000712f00000|100%| E|CS|TAMS 0x0000000712e00000, 0x0000000712e00000| Complete 
| 275|0x0000000712f00000, 0x0000000713000000, 0x0000000713000000|100%| E|CS|TAMS 0x0000000712f00000, 0x0000000712f00000| Complete 
| 276|0x0000000713000000, 0x0000000713100000, 0x0000000713100000|100%| E|CS|TAMS 0x0000000713000000, 0x0000000713000000| Complete 
| 277|0x0000000713100000, 0x0000000713200000, 0x0000000713200000|100%| E|CS|TAMS 0x0000000713100000, 0x0000000713100000| Complete 
| 278|0x0000000713200000, 0x0000000713300000, 0x0000000713300000|100%| E|CS|TAMS 0x0000000713200000, 0x0000000713200000| Complete 
| 279|0x0000000713300000, 0x0000000713400000, 0x0000000713400000|100%| E|CS|TAMS 0x0000000713300000, 0x0000000713300000| Complete 
| 280|0x0000000713400000, 0x0000000713500000, 0x0000000713500000|100%| E|CS|TAMS 0x0000000713400000, 0x0000000713400000| Complete 
| 281|0x0000000713500000, 0x0000000713600000, 0x0000000713600000|100%| E|CS|TAMS 0x0000000713500000, 0x0000000713500000| Complete 
| 282|0x0000000713600000, 0x0000000713700000, 0x0000000713700000|100%| E|CS|TAMS 0x0000000713600000, 0x0000000713600000| Complete 
| 283|0x0000000713700000, 0x0000000713800000, 0x0000000713800000|100%| E|CS|TAMS 0x0000000713700000, 0x0000000713700000| Complete 
| 284|0x0000000713800000, 0x0000000713900000, 0x0000000713900000|100%| E|CS|TAMS 0x0000000713800000, 0x0000000713800000| Complete 
| 285|0x0000000713900000, 0x0000000713a00000, 0x0000000713a00000|100%| E|CS|TAMS 0x0000000713900000, 0x0000000713900000| Complete 
| 286|0x0000000713a00000, 0x0000000713b00000, 0x0000000713b00000|100%| E|CS|TAMS 0x0000000713a00000, 0x0000000713a00000| Complete 
| 287|0x0000000713b00000, 0x0000000713c00000, 0x0000000713c00000|100%| E|CS|TAMS 0x0000000713b00000, 0x0000000713b00000| Complete 
| 288|0x0000000713c00000, 0x0000000713d00000, 0x0000000713d00000|100%| E|CS|TAMS 0x0000000713c00000, 0x0000000713c00000| Complete 
| 289|0x0000000713d00000, 0x0000000713e00000, 0x0000000713e00000|100%| E|CS|TAMS 0x0000000713d00000, 0x0000000713d00000| Complete 
| 290|0x0000000713e00000, 0x0000000713f00000, 0x0000000713f00000|100%| E|CS|TAMS 0x0000000713e00000, 0x0000000713e00000| Complete 
| 291|0x0000000713f00000, 0x0000000714000000, 0x0000000714000000|100%| E|CS|TAMS 0x0000000713f00000, 0x0000000713f00000| Complete 
| 292|0x0000000714000000, 0x0000000714100000, 0x0000000714100000|100%| E|CS|TAMS 0x0000000714000000, 0x0000000714000000| Complete 
| 293|0x0000000714100000, 0x0000000714200000, 0x0000000714200000|100%| E|CS|TAMS 0x0000000714100000, 0x0000000714100000| Complete 
| 294|0x0000000714200000, 0x0000000714300000, 0x0000000714300000|100%| E|CS|TAMS 0x0000000714200000, 0x0000000714200000| Complete 
| 295|0x0000000714300000, 0x0000000714400000, 0x0000000714400000|100%| E|CS|TAMS 0x0000000714300000, 0x0000000714300000| Complete 
| 296|0x0000000714400000, 0x0000000714500000, 0x0000000714500000|100%| E|CS|TAMS 0x0000000714400000, 0x0000000714400000| Complete 
| 297|0x0000000714500000, 0x0000000714600000, 0x0000000714600000|100%| E|CS|TAMS 0x0000000714500000, 0x0000000714500000| Complete 
| 298|0x0000000714600000, 0x0000000714700000, 0x0000000714700000|100%| E|CS|TAMS 0x0000000714600000, 0x0000000714600000| Complete 
| 299|0x0000000714700000, 0x0000000714800000, 0x0000000714800000|100%| E|CS|TAMS 0x0000000714700000, 0x0000000714700000| Complete 
| 300|0x0000000714800000, 0x0000000714900000, 0x0000000714900000|100%| E|CS|TAMS 0x0000000714800000, 0x0000000714800000| Complete 
| 301|0x0000000714900000, 0x0000000714a00000, 0x0000000714a00000|100%| E|CS|TAMS 0x0000000714900000, 0x0000000714900000| Complete 
| 302|0x0000000714a00000, 0x0000000714b00000, 0x0000000714b00000|100%| E|CS|TAMS 0x0000000714a00000, 0x0000000714a00000| Complete 
| 303|0x0000000714b00000, 0x0000000714c00000, 0x0000000714c00000|100%| E|CS|TAMS 0x0000000714b00000, 0x0000000714b00000| Complete 
| 304|0x0000000714c00000, 0x0000000714d00000, 0x0000000714d00000|100%| E|CS|TAMS 0x0000000714c00000, 0x0000000714c00000| Complete 
| 305|0x0000000714d00000, 0x0000000714e00000, 0x0000000714e00000|100%| E|CS|TAMS 0x0000000714d00000, 0x0000000714d00000| Complete 
| 306|0x0000000714e00000, 0x0000000714f00000, 0x0000000714f00000|100%| E|CS|TAMS 0x0000000714e00000, 0x0000000714e00000| Complete 
| 307|0x0000000714f00000, 0x0000000715000000, 0x0000000715000000|100%| E|CS|TAMS 0x0000000714f00000, 0x0000000714f00000| Complete 

Card table byte_map: [0x00000133483e0000,0x0000013348be0000] _byte_map_base: 0x0000013344bd2000

Marking Bits (Prev, Next): (CMBitMap*) 0x0000013334e1db00, (CMBitMap*) 0x0000013334e1dac8
 Prev Bits: [0x000001334d370000, 0x0000013351300000)
 Next Bits: [0x00000133493e0000, 0x000001334d370000)

Polling page: 0x0000013332d10000

Metaspace:

Usage:
  Non-class:     60.80 MB capacity,    60.27 MB (>99%) used,   418.20 KB ( <1%) free+waste,   123.19 KB ( <1%) overhead. 
      Class:      7.94 MB capacity,     7.58 MB ( 96%) used,   311.57 KB (  4%) free+waste,    53.06 KB ( <1%) overhead. 
       Both:     68.74 MB capacity,    67.85 MB ( 99%) used,   729.77 KB (  1%) free+waste,   176.25 KB ( <1%) overhead. 

Virtual space:
  Non-class space:       62.00 MB reserved,      61.01 MB ( 98%) committed 
      Class space:        1.00 GB reserved,       8.00 MB ( <1%) committed 
             Both:        1.06 GB reserved,      69.01 MB (  6%) committed 

Chunk freelists:
   Non-Class:  22.00 KB
       Class:  30.00 KB
        Both:  52.00 KB

MaxMetaspaceSize: 17179869184.00 GB
CompressedClassSpaceSize: 1.00 GB

CodeHeap 'non-profiled nmethods': size=120000Kb used=6235Kb max_used=6235Kb free=113765Kb
 bounds [0x0000013340380000, 0x00000133409a0000, 0x00000133478b0000]
CodeHeap 'profiled nmethods': size=120000Kb used=35223Kb max_used=35223Kb free=84776Kb
 bounds [0x0000013338e50000, 0x000001333b0c0000, 0x0000013340380000]
CodeHeap 'non-nmethods': size=5760Kb used=1245Kb max_used=1309Kb free=4514Kb
 bounds [0x00000133388b0000, 0x0000013338b20000, 0x0000013338e50000]
 total_blobs=11719 nmethods=11125 adapters=502
 compilation: enabled
              stopped_count=0, restarted_count=0
 full_count=0

Compilation events (20 events):
Event: 10.537 Thread 0x0000013354790800 11201       1       org.jetbrains.kotlin.resolve.calls.tower.KotlinResolutionCallbacksImpl$LambdaInfo::getReturnStatements (5 bytes)
Event: 10.537 Thread 0x0000013354790800 nmethod 11201 0x000001334098a790 code [0x000001334098a940, 0x000001334098a9f8]
Event: 10.537 Thread 0x0000013354790800 11202       1       org.jetbrains.kotlin.resolve.calls.tower.KotlinResolutionCallbacksImpl$LambdaInfo::getLastExpressionInfo (5 bytes)
Event: 10.537 Thread 0x0000013354790800 nmethod 11202 0x000001334098aa90 code [0x000001334098ac40, 0x000001334098acf8]
Event: 10.537 Thread 0x0000013354790800 11203       1       org.jetbrains.kotlin.builtins.functions.FunctionClassDescriptor$FunctionTypeConstructor::isDenotable (2 bytes)
Event: 10.538 Thread 0x0000013354790800 nmethod 11203 0x000001334098ad90 code [0x000001334098af40, 0x000001334098aff8]
Event: 10.539 Thread 0x0000013354790800 11204       3       org.jetbrains.kotlin.psi.KtValueArgument::accept (15 bytes)
Event: 10.539 Thread 0x0000013354790800 nmethod 11204 0x000001333b083f90 code [0x000001333b084160, 0x000001333b0843b8]
Event: 10.539 Thread 0x0000013354790800 11205       3       org.jetbrains.kotlin.psi.KtVisitor::visitArgument (16 bytes)
Event: 10.539 Thread 0x0000013354790800 nmethod 11205 0x000001333b084490 code [0x000001333b084660, 0x000001333b0848b8]
Event: 10.544 Thread 0x0000013354790800 11206       3       org.jetbrains.kotlin.psi.KtValueArgumentList::accept (15 bytes)
Event: 10.544 Thread 0x0000013354790800 nmethod 11206 0x000001333b084990 code [0x000001333b084b60, 0x000001333b084db8]
Event: 10.553 Thread 0x0000013354790800 11207       3       org.jetbrains.kotlin.resolve.calls.components.CreateFreshVariablesSubstitutor::createToFreshVariableSubstitutorAndAddInitialConstraints (863 bytes)
Event: 10.564 Thread 0x0000013354790800 nmethod 11207 0x000001333b084e90 code [0x000001333b085cc0, 0x000001333b08fbb8]
Event: 10.564 Thread 0x0000013354790800 11210       3       org.jetbrains.kotlin.resolve.calls.inference.model.NewConstraintSystemImpl::getArgument (19 bytes)
Event: 10.565 Thread 0x0000013354790800 nmethod 11210 0x000001333b093790 code [0x000001333b0939c0, 0x000001333b094068]
Event: 10.565 Thread 0x0000013354790800 11209       3       org.jetbrains.kotlin.resolve.calls.inference.components.TypeCheckerStateForConstraintSystem::simplifyUpperConstraint (289 bytes)
Event: 10.566 Thread 0x0000013354790800 nmethod 11209 0x000001333b094310 code [0x000001333b094680, 0x000001333b0964e8]
Event: 10.566 Thread 0x0000013354790800 11208       3       org.jetbrains.kotlin.resolve.calls.inference.model.TypeVariableFromCallableDescriptor::<init> (42 bytes)
Event: 10.568 Thread 0x0000013354790800 nmethod 11208 0x000001333b096a90 code [0x000001333b096e40, 0x000001333b0982e8]

GC Heap History (16 events):
Event: 0.502 GC heap before
{Heap before GC invocations=0 (full 0):
 garbage-first heap   total 262144K, used 27648K [0x0000000701c00000, 0x0000000800000000)
  region size 1024K, 24 young (24576K), 0 survivors (0K)
 Metaspace       used 12345K, capacity 12504K, committed 12800K, reserved 1060864K
  class space    used 1163K, capacity 1207K, committed 1280K, reserved 1048576K
}
Event: 0.505 GC heap after
{Heap after GC invocations=1 (full 0):
 garbage-first heap   total 262144K, used 5757K [0x0000000701c00000, 0x0000000800000000)
  region size 1024K, 3 young (3072K), 3 survivors (3072K)
 Metaspace       used 12345K, capacity 12504K, committed 12800K, reserved 1060864K
  class space    used 1163K, capacity 1207K, committed 1280K, reserved 1048576K
}
Event: 1.092 GC heap before
{Heap before GC invocations=1 (full 0):
 garbage-first heap   total 262144K, used 41597K [0x0000000701c00000, 0x0000000800000000)
  region size 1024K, 39 young (39936K), 3 survivors (3072K)
 Metaspace       used 20895K, capacity 21128K, committed 21296K, reserved 1069056K
  class space    used 2224K, capacity 2327K, committed 2432K, reserved 1048576K
}
Event: 1.102 GC heap after
{Heap after GC invocations=2 (full 0):
 garbage-first heap   total 262144K, used 9168K [0x0000000701c00000, 0x0000000800000000)
  region size 1024K, 6 young (6144K), 6 survivors (6144K)
 Metaspace       used 20895K, capacity 21128K, committed 21296K, reserved 1069056K
  class space    used 2224K, capacity 2327K, committed 2432K, reserved 1048576K
}
Event: 1.991 GC heap before
{Heap before GC invocations=3 (full 0):
 garbage-first heap   total 262144K, used 63440K [0x0000000701c00000, 0x0000000800000000)
  region size 1024K, 55 young (56320K), 6 survivors (6144K)
 Metaspace       used 32317K, capacity 32724K, committed 32944K, reserved 1079296K
  class space    used 3839K, capacity 4009K, committed 4096K, reserved 1048576K
}
Event: 2.004 GC heap after
{Heap after GC invocations=4 (full 0):
 garbage-first heap   total 262144K, used 21119K [0x0000000701c00000, 0x0000000800000000)
  region size 1024K, 7 young (7168K), 7 survivors (7168K)
 Metaspace       used 32317K, capacity 32724K, committed 32944K, reserved 1079296K
  class space    used 3839K, capacity 4009K, committed 4096K, reserved 1048576K
}
Event: 2.188 GC heap before
{Heap before GC invocations=4 (full 0):
 garbage-first heap   total 262144K, used 31359K [0x0000000701c00000, 0x0000000800000000)
  region size 1024K, 18 young (18432K), 7 survivors (7168K)
 Metaspace       used 35273K, capacity 35706K, committed 35920K, reserved 1081344K
  class space    used 4389K, capacity 4555K, committed 4608K, reserved 1048576K
}
Event: 2.196 GC heap after
{Heap after GC invocations=5 (full 0):
 garbage-first heap   total 262144K, used 22341K [0x0000000701c00000, 0x0000000800000000)
  region size 1024K, 6 young (6144K), 6 survivors (6144K)
 Metaspace       used 35273K, capacity 35706K, committed 35920K, reserved 1081344K
  class space    used 4389K, capacity 4555K, committed 4608K, reserved 1048576K
}
Event: 2.529 GC heap before
{Heap before GC invocations=6 (full 0):
 garbage-first heap   total 262144K, used 44869K [0x0000000701c00000, 0x0000000800000000)
  region size 1024K, 28 young (28672K), 6 survivors (6144K)
 Metaspace       used 39082K, capacity 39617K, committed 39888K, reserved 1085440K
  class space    used 4785K, capacity 4981K, committed 4992K, reserved 1048576K
}
Event: 2.537 GC heap after
{Heap after GC invocations=7 (full 0):
 garbage-first heap   total 262144K, used 22851K [0x0000000701c00000, 0x0000000800000000)
  region size 1024K, 4 young (4096K), 4 survivors (4096K)
 Metaspace       used 39082K, capacity 39617K, committed 39888K, reserved 1085440K
  class space    used 4785K, capacity 4981K, committed 4992K, reserved 1048576K
}
Event: 3.549 GC heap before
{Heap before GC invocations=7 (full 0):
 garbage-first heap   total 262144K, used 95555K [0x0000000701c00000, 0x0000000800000000)
  region size 1024K, 72 young (73728K), 4 survivors (4096K)
 Metaspace       used 48994K, capacity 49515K, committed 49616K, reserved 1093632K
  class space    used 5787K, capacity 6006K, committed 6016K, reserved 1048576K
}
Event: 3.560 GC heap after
{Heap after GC invocations=8 (full 0):
 garbage-first heap   total 315392K, used 31210K [0x0000000701c00000, 0x0000000800000000)
  region size 1024K, 9 young (9216K), 9 survivors (9216K)
 Metaspace       used 48994K, capacity 49515K, committed 49616K, reserved 1093632K
  class space    used 5787K, capacity 6006K, committed 6016K, reserved 1048576K
}
Event: 5.474 GC heap before
{Heap before GC invocations=8 (full 0):
 garbage-first heap   total 315392K, used 115178K [0x0000000701c00000, 0x0000000800000000)
  region size 1024K, 92 young (94208K), 9 survivors (9216K)
 Metaspace       used 59415K, capacity 60096K, committed 60296K, reserved 1101824K
  class space    used 6873K, capacity 7172K, committed 7296K, reserved 1048576K
}
Event: 5.536 GC heap after
{Heap after GC invocations=9 (full 0):
 garbage-first heap   total 315392K, used 44114K [0x0000000701c00000, 0x0000000800000000)
  region size 1024K, 17 young (17408K), 17 survivors (17408K)
 Metaspace       used 59415K, capacity 60096K, committed 60296K, reserved 1101824K
  class space    used 6873K, capacity 7172K, committed 7296K, reserved 1048576K
}
Event: 8.173 GC heap before
{Heap before GC invocations=10 (full 0):
 garbage-first heap   total 315392K, used 159826K [0x0000000701c00000, 0x0000000800000000)
  region size 1024K, 130 young (133120K), 17 survivors (17408K)
 Metaspace       used 66338K, capacity 67169K, committed 67208K, reserved 1110016K
  class space    used 7468K, capacity 7773K, committed 7808K, reserved 1048576K
}
Event: 8.207 GC heap after
{Heap after GC invocations=11 (full 0):
 garbage-first heap   total 315392K, used 60325K [0x0000000701c00000, 0x0000000800000000)
  region size 1024K, 16 young (16384K), 16 survivors (16384K)
 Metaspace       used 66338K, capacity 67169K, committed 67208K, reserved 1110016K
  class space    used 7468K, capacity 7773K, committed 7808K, reserved 1048576K
}

Deoptimization events (20 events):
Event: 10.433 Thread 0x0000013334dbc800 Uncommon trap: trap_request=0xffffff7e fr.pc=0x0000013340925a98 relative=0x00000000000039f8
Event: 10.433 Thread 0x0000013334dbc800 Uncommon trap: reason=predicate action=maybe_recompile pc=0x0000013340925a98 method=org.jetbrains.org.objectweb.asm.ClassReader.readField(Lorg/jetbrains/org/objectweb/asm/ClassVisitor;Lorg/jetbrains/org/objectweb/asm/Context;I)I @ 369 c2
Event: 10.433 Thread 0x0000013334dbc800 DEOPT PACKING pc=0x0000013340925a98 sp=0x00000008f2ceb390
Event: 10.433 Thread 0x0000013334dbc800 DEOPT UNPACKING pc=0x00000133388d7b2f sp=0x00000008f2ceb378 mode 2
Event: 10.481 Thread 0x0000013334dbc800 Uncommon trap: trap_request=0xffffffc6 fr.pc=0x000001334096cf24 relative=0x0000000000003784
Event: 10.481 Thread 0x0000013334dbc800 Uncommon trap: reason=bimorphic_or_optimized_type_check action=maybe_recompile pc=0x000001334096cf24 method=org.jetbrains.kotlin.load.kotlin.FileBasedKotlinClass$3$1.visit(Ljava/lang/String;Ljava/lang/Object;)V @ 46 c2
Event: 10.481 Thread 0x0000013334dbc800 DEOPT PACKING pc=0x000001334096cf24 sp=0x00000008f2ceba50
Event: 10.481 Thread 0x0000013334dbc800 DEOPT UNPACKING pc=0x00000133388d7b2f sp=0x00000008f2ceb978 mode 2
Event: 10.481 Thread 0x0000013334dbc800 Uncommon trap: trap_request=0xffffffc6 fr.pc=0x000001334096cf24 relative=0x0000000000003784
Event: 10.481 Thread 0x0000013334dbc800 Uncommon trap: reason=bimorphic_or_optimized_type_check action=maybe_recompile pc=0x000001334096cf24 method=org.jetbrains.kotlin.load.kotlin.FileBasedKotlinClass$3$1.visit(Ljava/lang/String;Ljava/lang/Object;)V @ 46 c2
Event: 10.481 Thread 0x0000013334dbc800 DEOPT PACKING pc=0x000001334096cf24 sp=0x00000008f2ceba50
Event: 10.481 Thread 0x0000013334dbc800 DEOPT UNPACKING pc=0x00000133388d7b2f sp=0x00000008f2ceb978 mode 2
Event: 10.482 Thread 0x0000013334dbc800 Uncommon trap: trap_request=0xffffffc6 fr.pc=0x000001334096cf24 relative=0x0000000000003784
Event: 10.482 Thread 0x0000013334dbc800 Uncommon trap: reason=bimorphic_or_optimized_type_check action=maybe_recompile pc=0x000001334096cf24 method=org.jetbrains.kotlin.load.kotlin.FileBasedKotlinClass$3$1.visit(Ljava/lang/String;Ljava/lang/Object;)V @ 46 c2
Event: 10.482 Thread 0x0000013334dbc800 DEOPT PACKING pc=0x000001334096cf24 sp=0x00000008f2ceba50
Event: 10.482 Thread 0x0000013334dbc800 DEOPT UNPACKING pc=0x00000133388d7b2f sp=0x00000008f2ceb978 mode 2
Event: 10.482 Thread 0x0000013334dbc800 Uncommon trap: trap_request=0xffffffc6 fr.pc=0x000001334096cf24 relative=0x0000000000003784
Event: 10.482 Thread 0x0000013334dbc800 Uncommon trap: reason=bimorphic_or_optimized_type_check action=maybe_recompile pc=0x000001334096cf24 method=org.jetbrains.kotlin.load.kotlin.FileBasedKotlinClass$3$1.visit(Ljava/lang/String;Ljava/lang/Object;)V @ 46 c2
Event: 10.482 Thread 0x0000013334dbc800 DEOPT PACKING pc=0x000001334096cf24 sp=0x00000008f2ceba50
Event: 10.482 Thread 0x0000013334dbc800 DEOPT UNPACKING pc=0x00000133388d7b2f sp=0x00000008f2ceb978 mode 2

Classes redefined (0 events):
No events

Internal exceptions (20 events):
Event: 4.509 Thread 0x0000013334dbc800 Exception <a 'java/lang/NoSuchMethodError'{0x00000007122e2b10}: 'java.lang.Object java.lang.invoke.DirectMethodHandle$Holder.invokeSpecial(java.lang.Object, java.lang.Object, java.lang.Object, java.lang.Object, java.lang.Object, java.lang.Object, java.lang.Object, java.lang.Object, java.lang.Object)'> (0x00000007122e2b10) thrown at [./src/hotspot/share/interpreter/linkResolver.cpp, line 773]
Event: 4.510 Thread 0x0000013334dbc800 Exception <a 'java/lang/NoSuchMethodError'{0x00000007122e6d08}: 'java.lang.Object java.lang.invoke.Invokers$Holder.linkToTargetMethod(java.lang.Object, java.lang.Object, java.lang.Object, java.lang.Object, java.lang.Object, java.lang.Object, java.lang.Object, java.lang.Object)'> (0x00000007122e6d08) thrown at [./src/hotspot/share/interpreter/linkResolver.cpp, line 773]
Event: 5.058 Thread 0x0000013334dbc800 Exception <a 'java/lang/NoSuchMethodError'{0x0000000710c48280}: 'int java.lang.invoke.DirectMethodHandle$Holder.invokeStaticInit(java.lang.Object, int)'> (0x0000000710c48280) thrown at [./src/hotspot/share/interpreter/linkResolver.cpp, line 773]
Event: 5.278 Thread 0x0000013334dbc800 Exception <a 'java/lang/NoSuchMethodError'{0x0000000710413a50}: 'java.lang.Object java.lang.invoke.DirectMethodHandle$Holder.invokeStaticInit(java.lang.Object, java.lang.Object, java.lang.Object)'> (0x0000000710413a50) thrown at [./src/hotspot/share/interpreter/linkResolver.cpp, line 773]
Event: 5.986 Thread 0x0000013334dbc800 Exception <a 'java/lang/NoSuchMethodError'{0x0000000713480610}: 'int java.lang.invoke.DirectMethodHandle$Holder.invokeInterface(java.lang.Object, java.lang.Object)'> (0x0000000713480610) thrown at [./src/hotspot/share/interpreter/linkResolver.cpp, line 773]
Event: 6.032 Thread 0x0000013334dbc800 Exception <a 'java/lang/NoSuchMethodError'{0x00000007131c3d58}: 'java.lang.Object java.lang.invoke.DirectMethodHandle$Holder.invokeStatic(java.lang.Object, int, java.lang.Object, java.lang.Object)'> (0x00000007131c3d58) thrown at [./src/hotspot/share/interpreter/linkResolver.cpp, line 773]
Event: 6.300 Thread 0x0000013334dbc800 Exception <a 'java/lang/NoSuchMethodError'{0x0000000711569da0}: 'java.lang.Object java.lang.invoke.Invokers$Holder.linkToTargetMethod(java.lang.Object, java.lang.Object, java.lang.Object, int, int, java.lang.Object)'> (0x0000000711569da0) thrown at [./src/hotspot/share/interpreter/linkResolver.cpp, line 773]
Event: 6.339 Thread 0x0000013334dbc800 Exception <a 'java/lang/NoSuchMethodError'{0x000000071132d630}: 'int java.lang.invoke.DirectMethodHandle$Holder.invokeVirtual(java.lang.Object, java.lang.Object, java.lang.Object)'> (0x000000071132d630) thrown at [./src/hotspot/share/interpreter/linkResolver.cpp, line 773]
Event: 6.388 Thread 0x0000013334dbc800 Exception <a 'java/lang/NoSuchMethodError'{0x00000007111415e0}: 'void java.lang.invoke.DirectMethodHandle$Holder.invokeInterface(java.lang.Object, java.lang.Object)'> (0x00000007111415e0) thrown at [./src/hotspot/share/interpreter/linkResolver.cpp, line 773]
Event: 6.550 Thread 0x0000013334dbc800 Implicit null exception at 0x00000133404fac84 to 0x00000133404fb750
Event: 6.555 Thread 0x0000013334dbc800 Implicit null exception at 0x00000133404315c3 to 0x0000013340431748
Event: 6.555 Thread 0x0000013334dbc800 Implicit null exception at 0x00000133403db0f8 to 0x00000133403db18a
Event: 6.566 Thread 0x0000013334dbc800 Exception <a 'java/lang/NoSuchMethodError'{0x0000000710c67308}: 'java.lang.Object java.lang.invoke.DirectMethodHandle$Holder.invokeInterface(java.lang.Object, java.lang.Object, java.lang.Object)'> (0x0000000710c67308) thrown at [./src/hotspot/share/interpreter/linkResolver.cpp, line 773]
Event: 6.566 Thread 0x0000013334dbc800 Exception <a 'java/lang/IncompatibleClassChangeError'{0x0000000710c6a538}: Found class java.lang.Object, but interface was expected> (0x0000000710c6a538) thrown at [./src/hotspot/share/interpreter/linkResolver.cpp, line 839]
Event: 6.574 Thread 0x0000013334dbc800 Implicit null exception at 0x000001334039aaf4 to 0x000001334039b01c
Event: 6.660 Thread 0x0000013334dbc800 Exception <a 'java/lang/NoSuchMethodError'{0x00000007107549e8}: 'java.lang.Object java.lang.invoke.Invokers$Holder.linkToTargetMethod(java.lang.Object, java.lang.Object, java.lang.Object, java.lang.Object, java.lang.Object, java.lang.Object, java.lang.Object)'> (0x00000007107549e8) thrown at [./src/hotspot/share/interpreter/linkResolver.cpp, line 773]
Event: 8.026 Thread 0x0000013334dbc800 Implicit null exception at 0x00000133407da581 to 0x00000133407dabac
Event: 8.156 Thread 0x0000013334dbc800 Implicit null exception at 0x000001334080d990 to 0x000001334080da79
Event: 8.499 Thread 0x0000013334dbc800 Exception <a 'java/lang/IncompatibleClassChangeError'{0x0000000714589cc8}: Found class java.lang.Object, but interface was expected> (0x0000000714589cc8) thrown at [./src/hotspot/share/interpreter/linkResolver.cpp, line 839]
Event: 9.776 Thread 0x0000013334dbc800 Implicit null exception at 0x00000133408e8b6f to 0x00000133408eb048

Events (20 events):
Event: 10.195 loading class org/jetbrains/kotlin/contracts/model/functors/NotFunctor
Event: 10.195 loading class org/jetbrains/kotlin/contracts/model/functors/NotFunctor done
Event: 10.196 loading class org/jetbrains/kotlin/contracts/model/functors/AbstractUnaryFunctor
Event: 10.196 loading class org/jetbrains/kotlin/contracts/model/functors/AbstractUnaryFunctor done
Event: 10.227 Executing VM operation: ICBufferFull
Event: 10.227 Executing VM operation: ICBufferFull done
Event: 10.354 loading class org/jetbrains/kotlin/types/checker/NewCapturedTypeConstructor$1
Event: 10.354 loading class org/jetbrains/kotlin/types/checker/NewCapturedTypeConstructor$1 done
Event: 10.388 loading class org/jetbrains/kotlin/load/java/lazy/descriptors/LazyJavaClassMemberScope$isVisibleAsFunctionInCurrentClass$1$1$1
Event: 10.388 loading class org/jetbrains/kotlin/load/java/lazy/descriptors/LazyJavaClassMemberScope$isVisibleAsFunctionInCurrentClass$1$1$1 done
Event: 10.421 loading class org/jetbrains/kotlin/resolve/source/PsiSourceElement$DefaultImpls
Event: 10.421 loading class org/jetbrains/kotlin/resolve/source/PsiSourceElement$DefaultImpls done
Event: 10.422 loading class org/jetbrains/kotlin/resolve/source/PsiSourceFile
Event: 10.422 loading class org/jetbrains/kotlin/resolve/source/PsiSourceFile done
Event: 10.422 loading class org/jetbrains/kotlin/descriptors/SourceFile
Event: 10.422 loading class org/jetbrains/kotlin/descriptors/SourceFile done
Event: 10.422 loading class org/jetbrains/kotlin/descriptors/SourceFile$1
Event: 10.422 loading class org/jetbrains/kotlin/descriptors/SourceFile$1 done
Event: 10.486 Executing VM operation: ICBufferFull
Event: 10.486 Executing VM operation: ICBufferFull done


Dynamic libraries:
0x00007ff64d060000 - 0x00007ff64d06a000 	C:\Program Files\Android\Android Studio\jre\bin\java.exe
0x00007ffafad90000 - 0x00007ffafaf85000 	C:\WINDOWS\SYSTEM32\ntdll.dll
0x00007ffaf9930000 - 0x00007ffaf99ee000 	C:\WINDOWS\System32\KERNEL32.DLL
0x00007ffaf85c0000 - 0x00007ffaf8888000 	C:\WINDOWS\System32\KERNELBASE.dll
0x00007ffaf8cd0000 - 0x00007ffaf8dd0000 	C:\WINDOWS\System32\ucrtbase.dll
0x00007ffadc7c0000 - 0x00007ffadc7d7000 	C:\Program Files\Android\Android Studio\jre\bin\VCRUNTIME140.dll
0x00007ffadc930000 - 0x00007ffadc949000 	C:\Program Files\Android\Android Studio\jre\bin\jli.dll
0x00007ffafa110000 - 0x00007ffafa2b1000 	C:\WINDOWS\System32\USER32.dll
0x00007ffaf84a0000 - 0x00007ffaf84c2000 	C:\WINDOWS\System32\win32u.dll
0x00007ffae5510000 - 0x00007ffae57aa000 	C:\WINDOWS\WinSxS\amd64_microsoft.windows.common-controls_6595b64144ccf1df_6.0.19041.1110_none_60b5254171f9507e\COMCTL32.dll
0x00007ffaf99f0000 - 0x00007ffaf9a1b000 	C:\WINDOWS\System32\GDI32.dll
0x00007ffafa6a0000 - 0x00007ffafa73e000 	C:\WINDOWS\System32\msvcrt.dll
0x00007ffaf89f0000 - 0x00007ffaf8afd000 	C:\WINDOWS\System32\gdi32full.dll
0x00007ffaf84d0000 - 0x00007ffaf856d000 	C:\WINDOWS\System32\msvcp_win.dll
0x00007ffaf8dd0000 - 0x00007ffaf8e00000 	C:\WINDOWS\System32\IMM32.DLL
0x00007ffacee00000 - 0x00007ffacee9d000 	C:\Program Files\Android\Android Studio\jre\bin\msvcp140.dll
0x00007ffaba7f0000 - 0x00007ffabb2bf000 	C:\Program Files\Android\Android Studio\jre\bin\server\jvm.dll
0x00007ffafabc0000 - 0x00007ffafac6c000 	C:\WINDOWS\System32\ADVAPI32.dll
0x00007ffaf9af0000 - 0x00007ffaf9b8b000 	C:\WINDOWS\System32\sechost.dll
0x00007ffaf9dd0000 - 0x00007ffaf9efa000 	C:\WINDOWS\System32\RPCRT4.dll
0x00007ffaf9790000 - 0x00007ffaf9798000 	C:\WINDOWS\System32\PSAPI.DLL
0x00007ffae5500000 - 0x00007ffae5509000 	C:\WINDOWS\SYSTEM32\WSOCK32.dll
0x00007ffadd760000 - 0x00007ffadd787000 	C:\WINDOWS\SYSTEM32\WINMM.dll
0x00007ffaf97a0000 - 0x00007ffaf980b000 	C:\WINDOWS\System32\WS2_32.dll
0x00007ffaee9c0000 - 0x00007ffaee9ca000 	C:\WINDOWS\SYSTEM32\VERSION.dll
0x00007ffaf6390000 - 0x00007ffaf63a2000 	C:\WINDOWS\SYSTEM32\kernel.appcore.dll
0x00007ffaf5a40000 - 0x00007ffaf5a51000 	C:\Program Files\Android\Android Studio\jre\bin\verify.dll
0x00007ffae4f10000 - 0x00007ffae50f4000 	C:\WINDOWS\SYSTEM32\DBGHELP.DLL
0x00007ffae4960000 - 0x00007ffae498c000 	C:\WINDOWS\SYSTEM32\dbgcore.DLL
0x00007ffaf8c10000 - 0x00007ffaf8c92000 	C:\WINDOWS\System32\bcryptPrimitives.dll
0x00007ffae2460000 - 0x00007ffae2489000 	C:\Program Files\Android\Android Studio\jre\bin\java.dll
0x00007ffaf5a30000 - 0x00007ffaf5a3b000 	C:\Program Files\Android\Android Studio\jre\bin\jimage.dll
0x00007ffaf10b0000 - 0x00007ffaf10c8000 	C:\Program Files\Android\Android Studio\jre\bin\zip.dll
0x00007ffaf8f30000 - 0x00007ffaf9674000 	C:\WINDOWS\System32\SHELL32.dll
0x00007ffaf6590000 - 0x00007ffaf6d24000 	C:\WINDOWS\SYSTEM32\windows.storage.dll
0x00007ffafa2e0000 - 0x00007ffafa635000 	C:\WINDOWS\System32\combase.dll
0x00007ffaf7e20000 - 0x00007ffaf7e4e000 	C:\WINDOWS\SYSTEM32\Wldp.dll
0x00007ffaf9f00000 - 0x00007ffaf9fad000 	C:\WINDOWS\System32\SHCORE.dll
0x00007ffafa0a0000 - 0x00007ffafa0f5000 	C:\WINDOWS\System32\shlwapi.dll
0x00007ffaf83e0000 - 0x00007ffaf83ff000 	C:\WINDOWS\SYSTEM32\profapi.dll
0x00007ffaf0300000 - 0x00007ffaf031a000 	C:\Program Files\Android\Android Studio\jre\bin\net.dll
0x00007ffaf1bf0000 - 0x00007ffaf1cfc000 	C:\WINDOWS\SYSTEM32\WINHTTP.dll
0x00007ffaf7b80000 - 0x00007ffaf7bea000 	C:\WINDOWS\system32\mswsock.dll
0x00007ffae6500000 - 0x00007ffae6514000 	C:\Program Files\Android\Android Studio\jre\bin\nio.dll

dbghelp: loaded successfully - version: 4.0.5 - missing functions: none
symbol engine: initialized successfully - sym options: 0x614 - pdb path: .;C:\Program Files\Android\Android Studio\jre\bin;C:\WINDOWS\SYSTEM32;C:\WINDOWS\WinSxS\amd64_microsoft.windows.common-controls_6595b64144ccf1df_6.0.19041.1110_none_60b5254171f9507e;C:\Program Files\Android\Android Studio\jre\bin\server

VM Arguments:
java_command: org.jetbrains.kotlin.cli.jvm.K2JVMCompiler @C:\AndroidProjects\RecipeApp\app\build\20220112_14451559876780168242.compiler.options
java_class_path (initial): C:\Users\maver\.gradle\caches\modules-2\files-2.1\org.jetbrains.kotlin\kotlin-compiler-embeddable\1.6.10\88f2073f4020cdb83132cfe940ceb9a60aba54ea\kotlin-compiler-embeddable-1.6.10.jar;C:\Users\maver\.gradle\caches\modules-2\files-2.1\org.jetbrains.kotlin\kotlin-reflect\1.6.10\1cbe9c92c12a94eea200d23c2bbaedaf3daf5132\kotlin-reflect-1.6.10.jar;C:\Users\maver\.gradle\caches\modules-2\files-2.1\org.jetbrains.kotlin\kotlin-stdlib\1.6.10\b8af3fe6f1ca88526914929add63cf5e7c5049af\kotlin-stdlib-1.6.10.jar;C:\Users\maver\.gradle\caches\modules-2\files-2.1\org.jetbrains.kotlin\kotlin-script-runtime\1.6.10\d0a7ff2e2500ef497ed0214ae40ad3c8387a6164\kotlin-script-runtime-1.6.10.jar;C:\Users\maver\.gradle\caches\modules-2\files-2.1\org.jetbrains.kotlin\kotlin-daemon-embeddable\1.6.10\a56d79bcbea411fa6058e4ecffc2de73e742bd2a\kotlin-daemon-embeddable-1.6.10.jar;C:\Users\maver\.gradle\caches\modules-2\files-2.1\org.jetbrains.intellij.deps\trove4j\1.0.20181211\216c2e14b070f334479d800987affe4054cd563f\trove4j-1.0.20181211.jar;C:\Users\maver\.gradle\caches\modules-2\files-2.1\net.java.dev.jna\jna\5.6.0\330f2244e9030119ab3030fc3fededc86713d9cc\jna-5.6.0.jar;C:\Users\maver\.gradle\caches\modules-2\files-2.1\org.jetbrains\annotations\13.0\919f0dfe192fb4e063e7dacadee7f8bb9a2672a9\annotations-13.0.jar;C:\Users\maver\.gradle\caches\modules-2\files-2.1\org.jetbrains.kotlin\kotlin-stdlib-common\1.6.10\c118700e3a33c8a0d9adc920e9dec0831171925\kotlin-stdlib-common-1.6.10.jar
Launcher Type: SUN_STANDARD

[Global flags]
     intx CICompilerCount                          = 4                                         {product} {ergonomic}
     uint ConcGCThreads                            = 2                                         {product} {ergonomic}
     uint G1ConcRefinementThreads                  = 8                                         {product} {ergonomic}
   size_t G1HeapRegionSize                         = 1048576                                   {product} {ergonomic}
    uintx GCDrainStackTargetSize                   = 64                                        {product} {ergonomic}
   size_t InitialHeapSize                          = 268435456                                 {product} {ergonomic}
   size_t MarkStackSize                            = 4194304                                   {product} {ergonomic}
   size_t MaxHeapSize                              = 4265607168                                {product} {ergonomic}
   size_t MaxNewSize                               = 2558525440                                {product} {ergonomic}
   size_t MinHeapDeltaBytes                        = 1048576                                   {product} {ergonomic}
    uintx NonNMethodCodeHeapSize                   = 5836300                                {pd product} {ergonomic}
    uintx NonProfiledCodeHeapSize                  = 122910970                              {pd product} {ergonomic}
    uintx ProfiledCodeHeapSize                     = 122910970                              {pd product} {ergonomic}
    uintx ReservedCodeCacheSize                    = 251658240                              {pd product} {ergonomic}
     bool SegmentedCodeCache                       = true                                      {product} {ergonomic}
     bool UseCompressedClassPointers               = true                                 {lp64_product} {ergonomic}
     bool UseCompressedOops                        = true                                 {lp64_product} {ergonomic}
     bool UseG1GC                                  = true                                      {product} {ergonomic}
     bool UseLargePagesIndividualAllocation        = false                                  {pd product} {ergonomic}

Logging:
Log output configuration:
 #0: stdout all=warning uptime,level,tags
 #1: stderr all=off uptime,level,tags

Environment Variables:
PATH=C:\Perl64\bin;C:\Users\maver\AppData\Roaming\ActiveState\bin;E:\Program Files\NVIDIA GPU Computing Toolkit\CUDA\v11.1\bin;E:\Program Files\NVIDIA GPU Computing Toolkit\CUDA\v11.1\libnvvp;C:\Windows\system32;C:\Windows;C:\Windows\System32\Wbem;C:\Windows\System32\WindowsPowerShell\v1.0\;C:\Windows\System32\OpenSSH\;C:\Program Files (x86)\NVIDIA Corporation\PhysX\Common;C:\Program Files (x86)\MatLab\runtime\win64;C:\Program Files (x86)\MatLab\bin;E:\Program Files\NVIDIA Corporation\Nsight Compute 2020.2.0\;E:\Program Files\NVIDIA Corporation\NVIDIA NvDLISR;E:\Program Files\dotnet\;C:\WINDOWS\system32;C:\WINDOWS;C:\WINDOWS\System32\Wbem;C:\WINDOWS\System32\WindowsPowerShell\v1.0\;C:\WINDOWS\System32\OpenSSH\;E:\Program Files\Microsoft SQL Server\130\Tools\Binn\;E:\Program Files\Microsoft SQL Server\Client SDK\ODBC\170\Tools\Binn\;E:\Program Files\Microchip\xc8\v2.31\bin;E:\Dwimperl\perl\bin;E:\Dwimperl\perl\site\bin;E:\Dwimperl\c\bin;C:\Program Files\Git\cmd;C:\Program Files\nodejs\;C:\Users\maver\AppData\Local\Microsoft\WindowsApps;C:\Users\maver\.dotnet\tools;E:\Program Files (x86)\MiKTeX\miktex\bin\x64\;C:\Users\maver\AppData\Local\GitHubDesktop\bin;C:\Users\maver\AppData\Local\Programs\Microsoft VS Code\bin;C:\Users\maver\AppData\Roaming\npm;C:\Users\maver\AppData\Local\Programs\Hyper\resources\bin
USERNAME=maver
OS=Windows_NT
PROCESSOR_IDENTIFIER=Intel64 Family 6 Model 60 Stepping 3, GenuineIntel



---------------  S Y S T E M  ---------------

OS: Windows 10 , 64 bit Build 19041 (10.0.19041.1348)
OS uptime: 1 days 6:47 hours

CPU:total 8 (initial active 8) (4 cores per cpu, 2 threads per core) family 6 model 60 stepping 3 microcode 0x27, cmov, cx8, fxsr, mmx, sse, sse2, sse3, ssse3, sse4.1, sse4.2, popcnt, avx, avx2, aes, clmul, erms, lzcnt, ht, tsc, tscinvbit, bmi1, bmi2, fma

Memory: 4k page, system-wide physical 16268M (2645M free)
TotalPageFile size 16268M (AvailPageFile size 5M)
current process WorkingSet (physical memory assigned to process): 430M, peak: 431M
current process commit charge ("private bytes"): 589M, peak: 591M

vm_info: OpenJDK 64-Bit Server VM (11.0.10+0-b96-7249189) for windows-amd64 JRE (11.0.10+0-b96-7249189), built on Mar 31 2021 21:44:00 by "builder" with MS VC++ 14.0 (VS2015)

END.
