#
# There is insufficient memory for the Java Runtime Environment to continue.
# Native memory allocation (malloc) failed to allocate 1183696 bytes for Chunk::new
# Possible reasons:
#   The system is out of physical RAM or swap space
#   The process is running with CompressedOops enabled, and the Java Heap may be blocking the growth of the native heap
# Possible solutions:
#   Reduce memory load on the system
#   Increase physical memory or swap space
#   Check if swap backing store is full
#   Decrease Java heap size (-Xmx/-Xms)
#   Decrease number of Java threads
#   Decrease Java thread stack sizes (-Xss)
#   Set larger code cache with -XX:ReservedCodeCacheSize=
#   JVM is running with Zero Based Compressed Oops mode in which the Java heap is
#     placed in the first 32GB address space. The Java Heap base address is the
#     maximum limit for the native heap growth. Please use -XX:HeapBaseMinAddress
#     to set the Java Heap base and to place the Java Heap above 32GB virtual address.
# This output file may be truncated or incomplete.
#
#  Out of Memory Error (./src/hotspot/share/memory/arena.cpp:197), pid=13256, tid=7836
#
# JRE version: OpenJDK Runtime Environment (11.0.10) (build 11.0.10+0-b96-7249189)
# Java VM: OpenJDK 64-Bit Server VM (11.0.10+0-b96-7249189, mixed mode, tiered, compressed oops, g1 gc, windows-amd64)
# No core dump will be written. Minidumps are not enabled by default on client versions of Windows
#

---------------  S U M M A R Y ------------

Command Line: org.jetbrains.kotlin.cli.jvm.K2JVMCompiler @C:\AndroidProjects\RecipeApp\app\build\20220112_10630783712758763156.compiler.options

Host: Intel(R) Core(TM) i7-4720HQ CPU @ 2.60GHz, 8 cores, 15G,  Windows 10 , 64 bit Build 19041 (10.0.19041.1348)
Time: Wed Jan 12 22:09:51 2022 Turkey Standard Time elapsed time: 8.272139 seconds (0d 0h 0m 8s)

---------------  T H R E A D  ---------------

Current thread (0x0000027c3bc28000):  JavaThread "C2 CompilerThread0" daemon [_thread_in_native, id=7836, stack(0x000000a296000000,0x000000a296100000)]


Current CompileTask:
C2:   8272 9443       4       org.jetbrains.kotlin.types.TypeSubstitutor::unsafeSubstitute (813 bytes)

Stack: [0x000000a296000000,0x000000a296100000]
Native frames: (J=compiled Java code, j=interpreted, Vv=VM code, C=native code)
V  [jvm.dll+0x5ecfaa]
V  [jvm.dll+0x722bd5]
V  [jvm.dll+0x72412d]
V  [jvm.dll+0x7247e3]
V  [jvm.dll+0x242928]
V  [jvm.dll+0xbc4fc]
V  [jvm.dll+0xbca0c]
V  [jvm.dll+0x352d7d]
V  [jvm.dll+0x19800c]
V  [jvm.dll+0x1fb70e]
V  [jvm.dll+0x1fa7f4]
V  [jvm.dll+0x18354c]
V  [jvm.dll+0x208ee7]
V  [jvm.dll+0x207731]
V  [jvm.dll+0x6eb1cf]
V  [jvm.dll+0x6e3d45]
V  [jvm.dll+0x5ebe96]
C  [ucrtbase.dll+0x21bb2]
C  [KERNEL32.DLL+0x17034]
C  [ntdll.dll+0x52651]


---------------  P R O C E S S  ---------------

Threads class SMR info:
_java_thread_list=0x0000027c3bd82fc0, length=12, elements={
0x0000027c1a2cb800, 0x0000027c3bbd4800, 0x0000027c3bbe2000, 0x0000027c3b31e800,
0x0000027c3bc24800, 0x0000027c3bc25000, 0x0000027c3bc28000, 0x0000027c3bc2e000,
0x0000027c3bc2e800, 0x0000027c3bd8e000, 0x0000027c3bd86000, 0x0000027c3bd86800
}

Java Threads: ( => current thread )
  0x0000027c1a2cb800 JavaThread "main" [_thread_in_vm, id=14036, stack(0x000000a295400000,0x000000a295500000)]
  0x0000027c3bbd4800 JavaThread "Reference Handler" daemon [_thread_blocked, id=13044, stack(0x000000a295b00000,0x000000a295c00000)]
  0x0000027c3bbe2000 JavaThread "Finalizer" daemon [_thread_blocked, id=5660, stack(0x000000a295c00000,0x000000a295d00000)]
  0x0000027c3b31e800 JavaThread "Signal Dispatcher" daemon [_thread_blocked, id=1044, stack(0x000000a295d00000,0x000000a295e00000)]
  0x0000027c3bc24800 JavaThread "Attach Listener" daemon [_thread_blocked, id=10292, stack(0x000000a295e00000,0x000000a295f00000)]
  0x0000027c3bc25000 JavaThread "Service Thread" daemon [_thread_blocked, id=8616, stack(0x000000a295f00000,0x000000a296000000)]
=>0x0000027c3bc28000 JavaThread "C2 CompilerThread0" daemon [_thread_in_native, id=7836, stack(0x000000a296000000,0x000000a296100000)]
  0x0000027c3bc2e000 JavaThread "C1 CompilerThread0" daemon [_thread_blocked, id=2076, stack(0x000000a296100000,0x000000a296200000)]
  0x0000027c3bc2e800 JavaThread "Sweeper thread" daemon [_thread_blocked, id=1336, stack(0x000000a296200000,0x000000a296300000)]
  0x0000027c3bd8e000 JavaThread "Common-Cleaner" daemon [_thread_blocked, id=9748, stack(0x000000a296400000,0x000000a296500000)]
  0x0000027c3bd86000 JavaThread "C2 CompilerThread1" daemon [_thread_in_native, id=7896, stack(0x000000a296500000,0x000000a296600000)]
  0x0000027c3bd86800 JavaThread "C2 CompilerThread2" daemon [_thread_in_native, id=10788, stack(0x000000a296600000,0x000000a296700000)]

Other Threads:
  0x0000027c3b304000 VMThread "VM Thread" [stack: 0x000000a295a00000,0x000000a295b00000] [id=13940]
  0x0000027c3bd85000 WatcherThread [stack: 0x000000a296300000,0x000000a296400000] [id=11316]
  0x0000027c1a2e3800 GCTaskThread "GC Thread#0" [stack: 0x000000a295500000,0x000000a295600000] [id=8528]
  0x0000027c3c4ec000 GCTaskThread "GC Thread#1" [stack: 0x000000a296700000,0x000000a296800000] [id=1720]
  0x0000027c3c493000 GCTaskThread "GC Thread#2" [stack: 0x000000a296800000,0x000000a296900000] [id=3612]
  0x0000027c3c494000 GCTaskThread "GC Thread#3" [stack: 0x000000a296900000,0x000000a296a00000] [id=3544]
  0x0000027c3c4fd000 GCTaskThread "GC Thread#4" [stack: 0x000000a296a00000,0x000000a296b00000] [id=2764]
  0x0000027c3c4fd800 GCTaskThread "GC Thread#5" [stack: 0x000000a296b00000,0x000000a296c00000] [id=8456]
  0x0000027c3ecc4800 GCTaskThread "GC Thread#6" [stack: 0x000000a296f00000,0x000000a297000000] [id=10836]
  0x0000027c1a33e800 ConcurrentGCThread "G1 Main Marker" [stack: 0x000000a295600000,0x000000a295700000] [id=10312]
  0x0000027c1a340000 ConcurrentGCThread "G1 Conc#0" [stack: 0x000000a295700000,0x000000a295800000] [id=13696]
  0x0000027c3d5c8000 ConcurrentGCThread "G1 Conc#1" [stack: 0x000000a296c00000,0x000000a296d00000] [id=5480]
  0x0000027c1a3ae800 ConcurrentGCThread "G1 Refine#0" [stack: 0x000000a295800000,0x000000a295900000] [id=13980]
  0x0000027c3d941000 ConcurrentGCThread "G1 Refine#1" [stack: 0x000000a296d00000,0x000000a296e00000] [id=6560]
  0x0000027c3d556800 ConcurrentGCThread "G1 Refine#2" [stack: 0x000000a296e00000,0x000000a296f00000] [id=7624]
  0x0000027c3b1e8000 ConcurrentGCThread "G1 Young RemSet Sampling" [stack: 0x000000a295900000,0x000000a295a00000] [id=6076]

Threads with active compile tasks:
C2 CompilerThread0   8294 9443       4       org.jetbrains.kotlin.types.TypeSubstitutor::unsafeSubstitute (813 bytes)
C2 CompilerThread1   8294 9617       4       org.jetbrains.org.objectweb.asm.ClassReader::readField (667 bytes)
C2 CompilerThread2   8294 9672       4       org.jetbrains.kotlin.resolve.OverridingUtil::generateOverridesInFunctionGroup (123 bytes)

VM state:not at safepoint (normal execution)

VM Mutex/Monitor currently owned by a thread: None

Heap address: 0x0000000701c00000, size: 4068 MB, Compressed Oops mode: Zero based, Oop shift amount: 3
Narrow klass base: 0x0000000800000000, Narrow klass shift: 0
Compressed class space size: 1073741824 Address: 0x0000000800000000

Heap:
 garbage-first heap   total 315392K, used 166178K [0x0000000701c00000, 0x0000000800000000)
  region size 1024K, 140 young (143360K), 19 survivors (19456K)
 Metaspace       used 67402K, capacity 68252K, committed 68488K, reserved 1110016K
  class space    used 7667K, capacity 7984K, committed 8064K, reserved 1048576K
Heap Regions: E=young(eden), S=young(survivor), O=old, HS=humongous(starts), HC=humongous(continues), CS=collection set, F=free, A=archive, TAMS=top-at-mark-start (previous, next)
|   0|0x0000000701c00000, 0x0000000701d00000, 0x0000000701d00000|100%|HS|  |TAMS 0x0000000701d00000, 0x0000000701c00000| Complete 
|   1|0x0000000701d00000, 0x0000000701e00000, 0x0000000701e00000|100%|HC|  |TAMS 0x0000000701e00000, 0x0000000701d00000| Complete 
|   2|0x0000000701e00000, 0x0000000701f00000, 0x0000000701f00000|100%|HC|  |TAMS 0x0000000701f00000, 0x0000000701e00000| Complete 
|   3|0x0000000701f00000, 0x0000000702000000, 0x0000000702000000|100%|HS|  |TAMS 0x0000000702000000, 0x0000000701f00000| Complete 
|   4|0x0000000702000000, 0x0000000702100000, 0x0000000702100000|100%|HC|  |TAMS 0x0000000702100000, 0x0000000702000000| Complete 
|   5|0x0000000702100000, 0x0000000702200000, 0x0000000702200000|100%|HC|  |TAMS 0x0000000702200000, 0x0000000702100000| Complete 
|   6|0x0000000702200000, 0x0000000702300000, 0x0000000702300000|100%|HS|  |TAMS 0x0000000702300000, 0x0000000702200000| Complete 
|   7|0x0000000702300000, 0x0000000702400000, 0x0000000702400000|100%|HC|  |TAMS 0x0000000702400000, 0x0000000702300000| Complete 
|   8|0x0000000702400000, 0x0000000702500000, 0x0000000702500000|100%| O|  |TAMS 0x0000000702500000, 0x0000000702400000| Untracked 
|   9|0x0000000702500000, 0x0000000702600000, 0x0000000702600000|100%| O|  |TAMS 0x0000000702600000, 0x0000000702500000| Untracked 
|  10|0x0000000702600000, 0x0000000702700000, 0x0000000702700000|100%| O|  |TAMS 0x0000000702700000, 0x0000000702600000| Untracked 
|  11|0x0000000702700000, 0x0000000702800000, 0x0000000702800000|100%| O|  |TAMS 0x0000000702800000, 0x0000000702700000| Untracked 
|  12|0x0000000702800000, 0x0000000702900000, 0x0000000702900000|100%| O|  |TAMS 0x0000000702900000, 0x0000000702800000| Untracked 
|  13|0x0000000702900000, 0x0000000702a00000, 0x0000000702a00000|100%| O|  |TAMS 0x0000000702a00000, 0x0000000702900000| Untracked 
|  14|0x0000000702a00000, 0x0000000702b00000, 0x0000000702b00000|100%| O|  |TAMS 0x0000000702b00000, 0x0000000702a00000| Untracked 
|  15|0x0000000702b00000, 0x0000000702c00000, 0x0000000702c00000|100%| O|  |TAMS 0x0000000702c00000, 0x0000000702b00000| Untracked 
|  16|0x0000000702c00000, 0x0000000702d00000, 0x0000000702d00000|100%| O|  |TAMS 0x0000000702d00000, 0x0000000702c00000| Untracked 
|  17|0x0000000702d00000, 0x0000000702e00000, 0x0000000702e00000|100%| O|  |TAMS 0x0000000702e00000, 0x0000000702d00000| Untracked 
|  18|0x0000000702e00000, 0x0000000702f00000, 0x0000000702f00000|100%| O|  |TAMS 0x0000000702f00000, 0x0000000702e00000| Untracked 
|  19|0x0000000702f00000, 0x0000000703000000, 0x0000000703000000|100%| O|  |TAMS 0x0000000703000000, 0x0000000702f00000| Untracked 
|  20|0x0000000703000000, 0x0000000703100000, 0x0000000703100000|100%| O|  |TAMS 0x0000000703100000, 0x0000000703000000| Untracked 
|  21|0x0000000703100000, 0x0000000703200000, 0x0000000703200000|100%| O|  |TAMS 0x0000000703200000, 0x0000000703100000| Untracked 
|  22|0x0000000703200000, 0x0000000703300000, 0x0000000703300000|100%| O|  |TAMS 0x0000000703300000, 0x0000000703200000| Untracked 
|  23|0x0000000703300000, 0x0000000703348a00, 0x0000000703400000| 28%| O|  |TAMS 0x0000000703348a00, 0x0000000703300000| Untracked 
|  24|0x0000000703400000, 0x0000000703400000, 0x0000000703500000|  0%| F|  |TAMS 0x0000000703400000, 0x0000000703400000| Untracked 
|  25|0x0000000703500000, 0x0000000703500000, 0x0000000703600000|  0%| F|  |TAMS 0x0000000703500000, 0x0000000703500000| Untracked 
|  26|0x0000000703600000, 0x0000000703600000, 0x0000000703700000|  0%| F|  |TAMS 0x0000000703600000, 0x0000000703600000| Untracked 
|  27|0x0000000703700000, 0x0000000703700000, 0x0000000703800000|  0%| F|  |TAMS 0x0000000703700000, 0x0000000703700000| Untracked 
|  28|0x0000000703800000, 0x0000000703800000, 0x0000000703900000|  0%| F|  |TAMS 0x0000000703800000, 0x0000000703800000| Untracked 
|  29|0x0000000703900000, 0x0000000703900000, 0x0000000703a00000|  0%| F|  |TAMS 0x0000000703900000, 0x0000000703900000| Untracked 
|  30|0x0000000703a00000, 0x0000000703a00000, 0x0000000703b00000|  0%| F|  |TAMS 0x0000000703a00000, 0x0000000703a00000| Untracked 
|  31|0x0000000703b00000, 0x0000000703b00000, 0x0000000703c00000|  0%| F|  |TAMS 0x0000000703b00000, 0x0000000703b00000| Untracked 
|  32|0x0000000703c00000, 0x0000000703c00000, 0x0000000703d00000|  0%| F|  |TAMS 0x0000000703c00000, 0x0000000703c00000| Untracked 
|  33|0x0000000703d00000, 0x0000000703d00000, 0x0000000703e00000|  0%| F|  |TAMS 0x0000000703d00000, 0x0000000703d00000| Untracked 
|  34|0x0000000703e00000, 0x0000000703e00000, 0x0000000703f00000|  0%| F|  |TAMS 0x0000000703e00000, 0x0000000703e00000| Untracked 
|  35|0x0000000703f00000, 0x0000000703f00000, 0x0000000704000000|  0%| F|  |TAMS 0x0000000703f00000, 0x0000000703f00000| Untracked 
|  36|0x0000000704000000, 0x0000000704000000, 0x0000000704100000|  0%| F|  |TAMS 0x0000000704000000, 0x0000000704000000| Untracked 
|  37|0x0000000704100000, 0x0000000704100000, 0x0000000704200000|  0%| F|  |TAMS 0x0000000704100000, 0x0000000704100000| Untracked 
|  38|0x0000000704200000, 0x0000000704200000, 0x0000000704300000|  0%| F|  |TAMS 0x0000000704200000, 0x0000000704200000| Untracked 
|  39|0x0000000704300000, 0x0000000704300000, 0x0000000704400000|  0%| F|  |TAMS 0x0000000704300000, 0x0000000704300000| Untracked 
|  40|0x0000000704400000, 0x0000000704400000, 0x0000000704500000|  0%| F|  |TAMS 0x0000000704400000, 0x0000000704400000| Untracked 
|  41|0x0000000704500000, 0x0000000704500000, 0x0000000704600000|  0%| F|  |TAMS 0x0000000704500000, 0x0000000704500000| Untracked 
|  42|0x0000000704600000, 0x0000000704600000, 0x0000000704700000|  0%| F|  |TAMS 0x0000000704600000, 0x0000000704600000| Untracked 
|  43|0x0000000704700000, 0x0000000704700000, 0x0000000704800000|  0%| F|  |TAMS 0x0000000704700000, 0x0000000704700000| Untracked 
|  44|0x0000000704800000, 0x0000000704800000, 0x0000000704900000|  0%| F|  |TAMS 0x0000000704800000, 0x0000000704800000| Untracked 
|  45|0x0000000704900000, 0x0000000704900000, 0x0000000704a00000|  0%| F|  |TAMS 0x0000000704900000, 0x0000000704900000| Untracked 
|  46|0x0000000704a00000, 0x0000000704a00000, 0x0000000704b00000|  0%| F|  |TAMS 0x0000000704a00000, 0x0000000704a00000| Untracked 
|  47|0x0000000704b00000, 0x0000000704b00000, 0x0000000704c00000|  0%| F|  |TAMS 0x0000000704b00000, 0x0000000704b00000| Untracked 
|  48|0x0000000704c00000, 0x0000000704c00000, 0x0000000704d00000|  0%| F|  |TAMS 0x0000000704c00000, 0x0000000704c00000| Untracked 
|  49|0x0000000704d00000, 0x0000000704d00000, 0x0000000704e00000|  0%| F|  |TAMS 0x0000000704d00000, 0x0000000704d00000| Untracked 
|  50|0x0000000704e00000, 0x0000000704e00000, 0x0000000704f00000|  0%| F|  |TAMS 0x0000000704e00000, 0x0000000704e00000| Untracked 
|  51|0x0000000704f00000, 0x0000000704f00000, 0x0000000705000000|  0%| F|  |TAMS 0x0000000704f00000, 0x0000000704f00000| Untracked 
|  52|0x0000000705000000, 0x0000000705000000, 0x0000000705100000|  0%| F|  |TAMS 0x0000000705000000, 0x0000000705000000| Untracked 
|  53|0x0000000705100000, 0x0000000705100000, 0x0000000705200000|  0%| F|  |TAMS 0x0000000705100000, 0x0000000705100000| Untracked 
|  54|0x0000000705200000, 0x0000000705200000, 0x0000000705300000|  0%| F|  |TAMS 0x0000000705200000, 0x0000000705200000| Untracked 
|  55|0x0000000705300000, 0x0000000705300000, 0x0000000705400000|  0%| F|  |TAMS 0x0000000705300000, 0x0000000705300000| Untracked 
|  56|0x0000000705400000, 0x0000000705400000, 0x0000000705500000|  0%| F|  |TAMS 0x0000000705400000, 0x0000000705400000| Untracked 
|  57|0x0000000705500000, 0x0000000705500000, 0x0000000705600000|  0%| F|  |TAMS 0x0000000705500000, 0x0000000705500000| Untracked 
|  58|0x0000000705600000, 0x0000000705600000, 0x0000000705700000|  0%| F|  |TAMS 0x0000000705600000, 0x0000000705600000| Untracked 
|  59|0x0000000705700000, 0x0000000705700000, 0x0000000705800000|  0%| F|  |TAMS 0x0000000705700000, 0x0000000705700000| Untracked 
|  60|0x0000000705800000, 0x0000000705800000, 0x0000000705900000|  0%| F|  |TAMS 0x0000000705800000, 0x0000000705800000| Untracked 
|  61|0x0000000705900000, 0x0000000705900000, 0x0000000705a00000|  0%| F|  |TAMS 0x0000000705900000, 0x0000000705900000| Untracked 
|  62|0x0000000705a00000, 0x0000000705a00000, 0x0000000705b00000|  0%| F|  |TAMS 0x0000000705a00000, 0x0000000705a00000| Untracked 
|  63|0x0000000705b00000, 0x0000000705b00000, 0x0000000705c00000|  0%| F|  |TAMS 0x0000000705b00000, 0x0000000705b00000| Untracked 
|  64|0x0000000705c00000, 0x0000000705c00000, 0x0000000705d00000|  0%| F|  |TAMS 0x0000000705c00000, 0x0000000705c00000| Untracked 
|  65|0x0000000705d00000, 0x0000000705d00000, 0x0000000705e00000|  0%| F|  |TAMS 0x0000000705d00000, 0x0000000705d00000| Untracked 
|  66|0x0000000705e00000, 0x0000000705e00000, 0x0000000705f00000|  0%| F|  |TAMS 0x0000000705e00000, 0x0000000705e00000| Untracked 
|  67|0x0000000705f00000, 0x0000000705f00000, 0x0000000706000000|  0%| F|  |TAMS 0x0000000705f00000, 0x0000000705f00000| Untracked 
|  68|0x0000000706000000, 0x0000000706000000, 0x0000000706100000|  0%| F|  |TAMS 0x0000000706000000, 0x0000000706000000| Untracked 
|  69|0x0000000706100000, 0x0000000706100000, 0x0000000706200000|  0%| F|  |TAMS 0x0000000706100000, 0x0000000706100000| Untracked 
|  70|0x0000000706200000, 0x0000000706200000, 0x0000000706300000|  0%| F|  |TAMS 0x0000000706200000, 0x0000000706200000| Untracked 
|  71|0x0000000706300000, 0x0000000706300000, 0x0000000706400000|  0%| F|  |TAMS 0x0000000706300000, 0x0000000706300000| Untracked 
|  72|0x0000000706400000, 0x0000000706400000, 0x0000000706500000|  0%| F|  |TAMS 0x0000000706400000, 0x0000000706400000| Untracked 
|  73|0x0000000706500000, 0x0000000706500000, 0x0000000706600000|  0%| F|  |TAMS 0x0000000706500000, 0x0000000706500000| Untracked 
|  74|0x0000000706600000, 0x0000000706600000, 0x0000000706700000|  0%| F|  |TAMS 0x0000000706600000, 0x0000000706600000| Untracked 
|  75|0x0000000706700000, 0x0000000706700000, 0x0000000706800000|  0%| F|  |TAMS 0x0000000706700000, 0x0000000706700000| Untracked 
|  76|0x0000000706800000, 0x0000000706800000, 0x0000000706900000|  0%| F|  |TAMS 0x0000000706800000, 0x0000000706800000| Untracked 
|  77|0x0000000706900000, 0x0000000706900000, 0x0000000706a00000|  0%| F|  |TAMS 0x0000000706900000, 0x0000000706900000| Untracked 
|  78|0x0000000706a00000, 0x0000000706a00000, 0x0000000706b00000|  0%| F|  |TAMS 0x0000000706a00000, 0x0000000706a00000| Untracked 
|  79|0x0000000706b00000, 0x0000000706b00000, 0x0000000706c00000|  0%| F|  |TAMS 0x0000000706b00000, 0x0000000706b00000| Untracked 
|  80|0x0000000706c00000, 0x0000000706c00000, 0x0000000706d00000|  0%| F|  |TAMS 0x0000000706c00000, 0x0000000706c00000| Untracked 
|  81|0x0000000706d00000, 0x0000000706d00000, 0x0000000706e00000|  0%| F|  |TAMS 0x0000000706d00000, 0x0000000706d00000| Untracked 
|  82|0x0000000706e00000, 0x0000000706e00000, 0x0000000706f00000|  0%| F|  |TAMS 0x0000000706e00000, 0x0000000706e00000| Untracked 
|  83|0x0000000706f00000, 0x0000000706f00000, 0x0000000707000000|  0%| F|  |TAMS 0x0000000706f00000, 0x0000000706f00000| Untracked 
|  84|0x0000000707000000, 0x0000000707000000, 0x0000000707100000|  0%| F|  |TAMS 0x0000000707000000, 0x0000000707000000| Untracked 
|  85|0x0000000707100000, 0x0000000707100000, 0x0000000707200000|  0%| F|  |TAMS 0x0000000707100000, 0x0000000707100000| Untracked 
|  86|0x0000000707200000, 0x0000000707200000, 0x0000000707300000|  0%| F|  |TAMS 0x0000000707200000, 0x0000000707200000| Untracked 
|  87|0x0000000707300000, 0x0000000707300000, 0x0000000707400000|  0%| F|  |TAMS 0x0000000707300000, 0x0000000707300000| Untracked 
|  88|0x0000000707400000, 0x0000000707400000, 0x0000000707500000|  0%| F|  |TAMS 0x0000000707400000, 0x0000000707400000| Untracked 
|  89|0x0000000707500000, 0x0000000707500000, 0x0000000707600000|  0%| F|  |TAMS 0x0000000707500000, 0x0000000707500000| Untracked 
|  90|0x0000000707600000, 0x0000000707600000, 0x0000000707700000|  0%| F|  |TAMS 0x0000000707600000, 0x0000000707600000| Untracked 
|  91|0x0000000707700000, 0x0000000707700000, 0x0000000707800000|  0%| F|  |TAMS 0x0000000707700000, 0x0000000707700000| Untracked 
|  92|0x0000000707800000, 0x0000000707800000, 0x0000000707900000|  0%| F|  |TAMS 0x0000000707800000, 0x0000000707800000| Untracked 
|  93|0x0000000707900000, 0x0000000707900000, 0x0000000707a00000|  0%| F|  |TAMS 0x0000000707900000, 0x0000000707900000| Untracked 
|  94|0x0000000707a00000, 0x0000000707a00000, 0x0000000707b00000|  0%| F|  |TAMS 0x0000000707a00000, 0x0000000707a00000| Untracked 
|  95|0x0000000707b00000, 0x0000000707b00000, 0x0000000707c00000|  0%| F|  |TAMS 0x0000000707b00000, 0x0000000707b00000| Untracked 
|  96|0x0000000707c00000, 0x0000000707c00000, 0x0000000707d00000|  0%| F|  |TAMS 0x0000000707c00000, 0x0000000707c00000| Untracked 
|  97|0x0000000707d00000, 0x0000000707d00000, 0x0000000707e00000|  0%| F|  |TAMS 0x0000000707d00000, 0x0000000707d00000| Untracked 
|  98|0x0000000707e00000, 0x0000000707e00000, 0x0000000707f00000|  0%| F|  |TAMS 0x0000000707e00000, 0x0000000707e00000| Untracked 
|  99|0x0000000707f00000, 0x0000000707f00000, 0x0000000708000000|  0%| F|  |TAMS 0x0000000707f00000, 0x0000000707f00000| Untracked 
| 100|0x0000000708000000, 0x0000000708000000, 0x0000000708100000|  0%| F|  |TAMS 0x0000000708000000, 0x0000000708000000| Untracked 
| 101|0x0000000708100000, 0x0000000708100000, 0x0000000708200000|  0%| F|  |TAMS 0x0000000708100000, 0x0000000708100000| Untracked 
| 102|0x0000000708200000, 0x0000000708200000, 0x0000000708300000|  0%| F|  |TAMS 0x0000000708200000, 0x0000000708200000| Untracked 
| 103|0x0000000708300000, 0x0000000708300000, 0x0000000708400000|  0%| F|  |TAMS 0x0000000708300000, 0x0000000708300000| Untracked 
| 104|0x0000000708400000, 0x0000000708400000, 0x0000000708500000|  0%| F|  |TAMS 0x0000000708400000, 0x0000000708400000| Untracked 
| 105|0x0000000708500000, 0x0000000708500000, 0x0000000708600000|  0%| F|  |TAMS 0x0000000708500000, 0x0000000708500000| Untracked 
| 106|0x0000000708600000, 0x0000000708600000, 0x0000000708700000|  0%| F|  |TAMS 0x0000000708600000, 0x0000000708600000| Untracked 
| 107|0x0000000708700000, 0x0000000708700000, 0x0000000708800000|  0%| F|  |TAMS 0x0000000708700000, 0x0000000708700000| Untracked 
| 108|0x0000000708800000, 0x0000000708800000, 0x0000000708900000|  0%| F|  |TAMS 0x0000000708800000, 0x0000000708800000| Untracked 
| 109|0x0000000708900000, 0x0000000708900000, 0x0000000708a00000|  0%| F|  |TAMS 0x0000000708900000, 0x0000000708900000| Untracked 
| 110|0x0000000708a00000, 0x0000000708a00000, 0x0000000708b00000|  0%| F|  |TAMS 0x0000000708a00000, 0x0000000708a00000| Untracked 
| 111|0x0000000708b00000, 0x0000000708b00000, 0x0000000708c00000|  0%| F|  |TAMS 0x0000000708b00000, 0x0000000708b00000| Untracked 
| 112|0x0000000708c00000, 0x0000000708c00000, 0x0000000708d00000|  0%| F|  |TAMS 0x0000000708c00000, 0x0000000708c00000| Untracked 
| 113|0x0000000708d00000, 0x0000000708d00000, 0x0000000708e00000|  0%| F|  |TAMS 0x0000000708d00000, 0x0000000708d00000| Untracked 
| 114|0x0000000708e00000, 0x0000000708e00000, 0x0000000708f00000|  0%| F|  |TAMS 0x0000000708e00000, 0x0000000708e00000| Untracked 
| 115|0x0000000708f00000, 0x0000000708f00000, 0x0000000709000000|  0%| F|  |TAMS 0x0000000708f00000, 0x0000000708f00000| Untracked 
| 116|0x0000000709000000, 0x0000000709000000, 0x0000000709100000|  0%| F|  |TAMS 0x0000000709000000, 0x0000000709000000| Untracked 
| 117|0x0000000709100000, 0x0000000709100000, 0x0000000709200000|  0%| F|  |TAMS 0x0000000709100000, 0x0000000709100000| Untracked 
| 118|0x0000000709200000, 0x0000000709200000, 0x0000000709300000|  0%| F|  |TAMS 0x0000000709200000, 0x0000000709200000| Untracked 
| 119|0x0000000709300000, 0x0000000709300000, 0x0000000709400000|  0%| F|  |TAMS 0x0000000709300000, 0x0000000709300000| Untracked 
| 120|0x0000000709400000, 0x0000000709400000, 0x0000000709500000|  0%| F|  |TAMS 0x0000000709400000, 0x0000000709400000| Untracked 
| 121|0x0000000709500000, 0x0000000709500000, 0x0000000709600000|  0%| F|  |TAMS 0x0000000709500000, 0x0000000709500000| Untracked 
| 122|0x0000000709600000, 0x0000000709600000, 0x0000000709700000|  0%| F|  |TAMS 0x0000000709600000, 0x0000000709600000| Untracked 
| 123|0x0000000709700000, 0x0000000709700000, 0x0000000709800000|  0%| F|  |TAMS 0x0000000709700000, 0x0000000709700000| Untracked 
| 124|0x0000000709800000, 0x0000000709800000, 0x0000000709900000|  0%| F|  |TAMS 0x0000000709800000, 0x0000000709800000| Untracked 
| 125|0x0000000709900000, 0x0000000709900000, 0x0000000709a00000|  0%| F|  |TAMS 0x0000000709900000, 0x0000000709900000| Untracked 
| 126|0x0000000709a00000, 0x0000000709a00000, 0x0000000709b00000|  0%| F|  |TAMS 0x0000000709a00000, 0x0000000709a00000| Untracked 
| 127|0x0000000709b00000, 0x0000000709b00000, 0x0000000709c00000|  0%| F|  |TAMS 0x0000000709b00000, 0x0000000709b00000| Untracked 
| 128|0x0000000709c00000, 0x0000000709c00000, 0x0000000709d00000|  0%| F|  |TAMS 0x0000000709c00000, 0x0000000709c00000| Untracked 
| 129|0x0000000709d00000, 0x0000000709d00000, 0x0000000709e00000|  0%| F|  |TAMS 0x0000000709d00000, 0x0000000709d00000| Untracked 
| 130|0x0000000709e00000, 0x0000000709e00000, 0x0000000709f00000|  0%| F|  |TAMS 0x0000000709e00000, 0x0000000709e00000| Untracked 
| 131|0x0000000709f00000, 0x0000000709f00000, 0x000000070a000000|  0%| F|  |TAMS 0x0000000709f00000, 0x0000000709f00000| Untracked 
| 132|0x000000070a000000, 0x000000070a000000, 0x000000070a100000|  0%| F|  |TAMS 0x000000070a000000, 0x000000070a000000| Untracked 
| 133|0x000000070a100000, 0x000000070a100000, 0x000000070a200000|  0%| F|  |TAMS 0x000000070a100000, 0x000000070a100000| Untracked 
| 134|0x000000070a200000, 0x000000070a200000, 0x000000070a300000|  0%| F|  |TAMS 0x000000070a200000, 0x000000070a200000| Untracked 
| 135|0x000000070a300000, 0x000000070a300000, 0x000000070a400000|  0%| F|  |TAMS 0x000000070a300000, 0x000000070a300000| Untracked 
| 136|0x000000070a400000, 0x000000070a400000, 0x000000070a500000|  0%| F|  |TAMS 0x000000070a400000, 0x000000070a400000| Untracked 
| 137|0x000000070a500000, 0x000000070a500000, 0x000000070a600000|  0%| F|  |TAMS 0x000000070a500000, 0x000000070a500000| Untracked 
| 138|0x000000070a600000, 0x000000070a600000, 0x000000070a700000|  0%| F|  |TAMS 0x000000070a600000, 0x000000070a600000| Untracked 
| 139|0x000000070a700000, 0x000000070a700000, 0x000000070a800000|  0%| F|  |TAMS 0x000000070a700000, 0x000000070a700000| Untracked 
| 140|0x000000070a800000, 0x000000070a800000, 0x000000070a900000|  0%| F|  |TAMS 0x000000070a800000, 0x000000070a800000| Untracked 
| 141|0x000000070a900000, 0x000000070a900000, 0x000000070aa00000|  0%| F|  |TAMS 0x000000070a900000, 0x000000070a900000| Untracked 
| 142|0x000000070aa00000, 0x000000070aa00000, 0x000000070ab00000|  0%| F|  |TAMS 0x000000070aa00000, 0x000000070aa00000| Untracked 
| 143|0x000000070ab00000, 0x000000070ab00000, 0x000000070ac00000|  0%| F|  |TAMS 0x000000070ab00000, 0x000000070ab00000| Untracked 
| 144|0x000000070ac00000, 0x000000070ac00000, 0x000000070ad00000|  0%| F|  |TAMS 0x000000070ac00000, 0x000000070ac00000| Untracked 
| 145|0x000000070ad00000, 0x000000070ad00000, 0x000000070ae00000|  0%| F|  |TAMS 0x000000070ad00000, 0x000000070ad00000| Untracked 
| 146|0x000000070ae00000, 0x000000070ae00000, 0x000000070af00000|  0%| F|  |TAMS 0x000000070ae00000, 0x000000070ae00000| Untracked 
| 147|0x000000070af00000, 0x000000070af00000, 0x000000070b000000|  0%| F|  |TAMS 0x000000070af00000, 0x000000070af00000| Untracked 
| 148|0x000000070b000000, 0x000000070b000000, 0x000000070b100000|  0%| F|  |TAMS 0x000000070b000000, 0x000000070b000000| Untracked 
| 149|0x000000070b100000, 0x000000070b100000, 0x000000070b200000|  0%| F|  |TAMS 0x000000070b100000, 0x000000070b100000| Untracked 
| 150|0x000000070b200000, 0x000000070b200000, 0x000000070b300000|  0%| F|  |TAMS 0x000000070b200000, 0x000000070b200000| Untracked 
| 151|0x000000070b300000, 0x000000070b300000, 0x000000070b400000|  0%| F|  |TAMS 0x000000070b300000, 0x000000070b300000| Untracked 
| 152|0x000000070b400000, 0x000000070b400000, 0x000000070b500000|  0%| F|  |TAMS 0x000000070b400000, 0x000000070b400000| Untracked 
| 153|0x000000070b500000, 0x000000070b500000, 0x000000070b600000|  0%| F|  |TAMS 0x000000070b500000, 0x000000070b500000| Untracked 
| 154|0x000000070b600000, 0x000000070b600000, 0x000000070b700000|  0%| F|  |TAMS 0x000000070b600000, 0x000000070b600000| Untracked 
| 155|0x000000070b700000, 0x000000070b700000, 0x000000070b800000|  0%| F|  |TAMS 0x000000070b700000, 0x000000070b700000| Untracked 
| 156|0x000000070b800000, 0x000000070b800000, 0x000000070b900000|  0%| F|  |TAMS 0x000000070b800000, 0x000000070b800000| Untracked 
| 157|0x000000070b900000, 0x000000070b900000, 0x000000070ba00000|  0%| F|  |TAMS 0x000000070b900000, 0x000000070b900000| Untracked 
| 158|0x000000070ba00000, 0x000000070ba00000, 0x000000070bb00000|  0%| F|  |TAMS 0x000000070ba00000, 0x000000070ba00000| Untracked 
| 159|0x000000070bb00000, 0x000000070bb00000, 0x000000070bc00000|  0%| F|  |TAMS 0x000000070bb00000, 0x000000070bb00000| Untracked 
| 160|0x000000070bc00000, 0x000000070bc00000, 0x000000070bd00000|  0%| F|  |TAMS 0x000000070bc00000, 0x000000070bc00000| Untracked 
| 161|0x000000070bd00000, 0x000000070bd00000, 0x000000070be00000|  0%| F|  |TAMS 0x000000070bd00000, 0x000000070bd00000| Untracked 
| 162|0x000000070be00000, 0x000000070be00000, 0x000000070bf00000|  0%| F|  |TAMS 0x000000070be00000, 0x000000070be00000| Untracked 
| 163|0x000000070bf00000, 0x000000070c000000, 0x000000070c000000|100%| S|  |TAMS 0x000000070bf00000, 0x000000070bf00000| Complete 
| 164|0x000000070c000000, 0x000000070c100000, 0x000000070c100000|100%| S|  |TAMS 0x000000070c000000, 0x000000070c000000| Complete 
| 165|0x000000070c100000, 0x000000070c200000, 0x000000070c200000|100%| S|  |TAMS 0x000000070c100000, 0x000000070c100000| Complete 
| 166|0x000000070c200000, 0x000000070c300000, 0x000000070c300000|100%| S|  |TAMS 0x000000070c200000, 0x000000070c200000| Complete 
| 167|0x000000070c300000, 0x000000070c400000, 0x000000070c400000|100%| S|  |TAMS 0x000000070c300000, 0x000000070c300000| Complete 
| 168|0x000000070c400000, 0x000000070c500000, 0x000000070c500000|100%| E|CS|TAMS 0x000000070c400000, 0x000000070c400000| Complete 
| 169|0x000000070c500000, 0x000000070c600000, 0x000000070c600000|100%| E|CS|TAMS 0x000000070c500000, 0x000000070c500000| Complete 
| 170|0x000000070c600000, 0x000000070c700000, 0x000000070c700000|100%| E|CS|TAMS 0x000000070c600000, 0x000000070c600000| Complete 
| 171|0x000000070c700000, 0x000000070c800000, 0x000000070c800000|100%| E|CS|TAMS 0x000000070c700000, 0x000000070c700000| Complete 
| 172|0x000000070c800000, 0x000000070c900000, 0x000000070c900000|100%| E|CS|TAMS 0x000000070c800000, 0x000000070c800000| Complete 
| 173|0x000000070c900000, 0x000000070ca00000, 0x000000070ca00000|100%| E|CS|TAMS 0x000000070c900000, 0x000000070c900000| Complete 
| 174|0x000000070ca00000, 0x000000070cb00000, 0x000000070cb00000|100%| E|CS|TAMS 0x000000070ca00000, 0x000000070ca00000| Complete 
| 175|0x000000070cb00000, 0x000000070cc00000, 0x000000070cc00000|100%| E|CS|TAMS 0x000000070cb00000, 0x000000070cb00000| Complete 
| 176|0x000000070cc00000, 0x000000070cd00000, 0x000000070cd00000|100%| E|CS|TAMS 0x000000070cc00000, 0x000000070cc00000| Complete 
| 177|0x000000070cd00000, 0x000000070ce00000, 0x000000070ce00000|100%| E|CS|TAMS 0x000000070cd00000, 0x000000070cd00000| Complete 
| 178|0x000000070ce00000, 0x000000070cf00000, 0x000000070cf00000|100%| E|CS|TAMS 0x000000070ce00000, 0x000000070ce00000| Complete 
| 179|0x000000070cf00000, 0x000000070d000000, 0x000000070d000000|100%| E|CS|TAMS 0x000000070cf00000, 0x000000070cf00000| Complete 
| 180|0x000000070d000000, 0x000000070d100000, 0x000000070d100000|100%| E|CS|TAMS 0x000000070d000000, 0x000000070d000000| Complete 
| 181|0x000000070d100000, 0x000000070d200000, 0x000000070d200000|100%| E|CS|TAMS 0x000000070d100000, 0x000000070d100000| Complete 
| 182|0x000000070d200000, 0x000000070d300000, 0x000000070d300000|100%| E|CS|TAMS 0x000000070d200000, 0x000000070d200000| Complete 
| 183|0x000000070d300000, 0x000000070d400000, 0x000000070d400000|100%| E|CS|TAMS 0x000000070d300000, 0x000000070d300000| Complete 
| 184|0x000000070d400000, 0x000000070d500000, 0x000000070d500000|100%| E|CS|TAMS 0x000000070d400000, 0x000000070d400000| Complete 
| 185|0x000000070d500000, 0x000000070d600000, 0x000000070d600000|100%| E|CS|TAMS 0x000000070d500000, 0x000000070d500000| Complete 
| 186|0x000000070d600000, 0x000000070d700000, 0x000000070d700000|100%| E|CS|TAMS 0x000000070d600000, 0x000000070d600000| Complete 
| 187|0x000000070d700000, 0x000000070d800000, 0x000000070d800000|100%| E|CS|TAMS 0x000000070d700000, 0x000000070d700000| Complete 
| 188|0x000000070d800000, 0x000000070d900000, 0x000000070d900000|100%| E|CS|TAMS 0x000000070d800000, 0x000000070d800000| Complete 
| 189|0x000000070d900000, 0x000000070da00000, 0x000000070da00000|100%| E|CS|TAMS 0x000000070d900000, 0x000000070d900000| Complete 
| 190|0x000000070da00000, 0x000000070db00000, 0x000000070db00000|100%| E|CS|TAMS 0x000000070da00000, 0x000000070da00000| Complete 
| 191|0x000000070db00000, 0x000000070dc00000, 0x000000070dc00000|100%| E|CS|TAMS 0x000000070db00000, 0x000000070db00000| Complete 
| 192|0x000000070dc00000, 0x000000070dd00000, 0x000000070dd00000|100%| E|CS|TAMS 0x000000070dc00000, 0x000000070dc00000| Complete 
| 193|0x000000070dd00000, 0x000000070de00000, 0x000000070de00000|100%| E|CS|TAMS 0x000000070dd00000, 0x000000070dd00000| Complete 
| 194|0x000000070de00000, 0x000000070df00000, 0x000000070df00000|100%| E|CS|TAMS 0x000000070de00000, 0x000000070de00000| Complete 
| 195|0x000000070df00000, 0x000000070e000000, 0x000000070e000000|100%| E|CS|TAMS 0x000000070df00000, 0x000000070df00000| Complete 
| 196|0x000000070e000000, 0x000000070e100000, 0x000000070e100000|100%| E|CS|TAMS 0x000000070e000000, 0x000000070e000000| Complete 
| 197|0x000000070e100000, 0x000000070e200000, 0x000000070e200000|100%| E|CS|TAMS 0x000000070e100000, 0x000000070e100000| Complete 
| 198|0x000000070e200000, 0x000000070e300000, 0x000000070e300000|100%| E|CS|TAMS 0x000000070e200000, 0x000000070e200000| Complete 
| 199|0x000000070e300000, 0x000000070e400000, 0x000000070e400000|100%| E|CS|TAMS 0x000000070e300000, 0x000000070e300000| Complete 
| 200|0x000000070e400000, 0x000000070e500000, 0x000000070e500000|100%| E|CS|TAMS 0x000000070e400000, 0x000000070e400000| Complete 
| 201|0x000000070e500000, 0x000000070e600000, 0x000000070e600000|100%| E|CS|TAMS 0x000000070e500000, 0x000000070e500000| Complete 
| 202|0x000000070e600000, 0x000000070e700000, 0x000000070e700000|100%| E|CS|TAMS 0x000000070e600000, 0x000000070e600000| Complete 
| 203|0x000000070e700000, 0x000000070e800000, 0x000000070e800000|100%| E|CS|TAMS 0x000000070e700000, 0x000000070e700000| Complete 
| 204|0x000000070e800000, 0x000000070e900000, 0x000000070e900000|100%| E|CS|TAMS 0x000000070e800000, 0x000000070e800000| Complete 
| 205|0x000000070e900000, 0x000000070ea00000, 0x000000070ea00000|100%| E|CS|TAMS 0x000000070e900000, 0x000000070e900000| Complete 
| 206|0x000000070ea00000, 0x000000070eb00000, 0x000000070eb00000|100%| E|CS|TAMS 0x000000070ea00000, 0x000000070ea00000| Complete 
| 207|0x000000070eb00000, 0x000000070ec00000, 0x000000070ec00000|100%| E|CS|TAMS 0x000000070eb00000, 0x000000070eb00000| Complete 
| 208|0x000000070ec00000, 0x000000070ed00000, 0x000000070ed00000|100%| E|CS|TAMS 0x000000070ec00000, 0x000000070ec00000| Complete 
| 209|0x000000070ed00000, 0x000000070ee00000, 0x000000070ee00000|100%| E|CS|TAMS 0x000000070ed00000, 0x000000070ed00000| Complete 
| 210|0x000000070ee00000, 0x000000070ef00000, 0x000000070ef00000|100%| E|CS|TAMS 0x000000070ee00000, 0x000000070ee00000| Complete 
| 211|0x000000070ef00000, 0x000000070f000000, 0x000000070f000000|100%| E|CS|TAMS 0x000000070ef00000, 0x000000070ef00000| Complete 
| 212|0x000000070f000000, 0x000000070f100000, 0x000000070f100000|100%| E|CS|TAMS 0x000000070f000000, 0x000000070f000000| Complete 
| 213|0x000000070f100000, 0x000000070f200000, 0x000000070f200000|100%| E|CS|TAMS 0x000000070f100000, 0x000000070f100000| Complete 
| 214|0x000000070f200000, 0x000000070f300000, 0x000000070f300000|100%| E|CS|TAMS 0x000000070f200000, 0x000000070f200000| Complete 
| 215|0x000000070f300000, 0x000000070f400000, 0x000000070f400000|100%| E|CS|TAMS 0x000000070f300000, 0x000000070f300000| Complete 
| 216|0x000000070f400000, 0x000000070f500000, 0x000000070f500000|100%| E|CS|TAMS 0x000000070f400000, 0x000000070f400000| Complete 
| 217|0x000000070f500000, 0x000000070f600000, 0x000000070f600000|100%| E|CS|TAMS 0x000000070f500000, 0x000000070f500000| Complete 
| 218|0x000000070f600000, 0x000000070f700000, 0x000000070f700000|100%| E|CS|TAMS 0x000000070f600000, 0x000000070f600000| Complete 
| 219|0x000000070f700000, 0x000000070f800000, 0x000000070f800000|100%| E|CS|TAMS 0x000000070f700000, 0x000000070f700000| Complete 
| 220|0x000000070f800000, 0x000000070f900000, 0x000000070f900000|100%| E|CS|TAMS 0x000000070f800000, 0x000000070f800000| Complete 
| 221|0x000000070f900000, 0x000000070fa00000, 0x000000070fa00000|100%| E|CS|TAMS 0x000000070f900000, 0x000000070f900000| Complete 
| 222|0x000000070fa00000, 0x000000070fb00000, 0x000000070fb00000|100%| E|CS|TAMS 0x000000070fa00000, 0x000000070fa00000| Complete 
| 223|0x000000070fb00000, 0x000000070fc00000, 0x000000070fc00000|100%| E|CS|TAMS 0x000000070fb00000, 0x000000070fb00000| Complete 
| 224|0x000000070fc00000, 0x000000070fd00000, 0x000000070fd00000|100%| E|CS|TAMS 0x000000070fc00000, 0x000000070fc00000| Complete 
| 225|0x000000070fd00000, 0x000000070fe00000, 0x000000070fe00000|100%| E|CS|TAMS 0x000000070fd00000, 0x000000070fd00000| Complete 
| 226|0x000000070fe00000, 0x000000070ff00000, 0x000000070ff00000|100%| E|CS|TAMS 0x000000070fe00000, 0x000000070fe00000| Complete 
| 227|0x000000070ff00000, 0x0000000710000000, 0x0000000710000000|100%| E|CS|TAMS 0x000000070ff00000, 0x000000070ff00000| Complete 
| 228|0x0000000710000000, 0x0000000710100000, 0x0000000710100000|100%| E|CS|TAMS 0x0000000710000000, 0x0000000710000000| Complete 
| 229|0x0000000710100000, 0x0000000710200000, 0x0000000710200000|100%| E|CS|TAMS 0x0000000710100000, 0x0000000710100000| Complete 
| 230|0x0000000710200000, 0x0000000710300000, 0x0000000710300000|100%| E|CS|TAMS 0x0000000710200000, 0x0000000710200000| Complete 
| 231|0x0000000710300000, 0x0000000710400000, 0x0000000710400000|100%| E|CS|TAMS 0x0000000710300000, 0x0000000710300000| Complete 
| 232|0x0000000710400000, 0x0000000710500000, 0x0000000710500000|100%| E|CS|TAMS 0x0000000710400000, 0x0000000710400000| Complete 
| 233|0x0000000710500000, 0x0000000710600000, 0x0000000710600000|100%| E|CS|TAMS 0x0000000710500000, 0x0000000710500000| Complete 
| 234|0x0000000710600000, 0x0000000710700000, 0x0000000710700000|100%| E|CS|TAMS 0x0000000710600000, 0x0000000710600000| Complete 
| 235|0x0000000710700000, 0x0000000710800000, 0x0000000710800000|100%| E|CS|TAMS 0x0000000710700000, 0x0000000710700000| Complete 
| 236|0x0000000710800000, 0x0000000710900000, 0x0000000710900000|100%| E|CS|TAMS 0x0000000710800000, 0x0000000710800000| Complete 
| 237|0x0000000710900000, 0x0000000710a00000, 0x0000000710a00000|100%| E|CS|TAMS 0x0000000710900000, 0x0000000710900000| Complete 
| 238|0x0000000710a00000, 0x0000000710b00000, 0x0000000710b00000|100%| E|CS|TAMS 0x0000000710a00000, 0x0000000710a00000| Complete 
| 239|0x0000000710b00000, 0x0000000710c00000, 0x0000000710c00000|100%| E|CS|TAMS 0x0000000710b00000, 0x0000000710b00000| Complete 
| 240|0x0000000710c00000, 0x0000000710d00000, 0x0000000710d00000|100%| E|CS|TAMS 0x0000000710c00000, 0x0000000710c00000| Complete 
| 241|0x0000000710d00000, 0x0000000710e00000, 0x0000000710e00000|100%| E|CS|TAMS 0x0000000710d00000, 0x0000000710d00000| Complete 
| 242|0x0000000710e00000, 0x0000000710f00000, 0x0000000710f00000|100%| E|CS|TAMS 0x0000000710e00000, 0x0000000710e00000| Complete 
| 243|0x0000000710f00000, 0x0000000711000000, 0x0000000711000000|100%| E|CS|TAMS 0x0000000710f00000, 0x0000000710f00000| Complete 
| 244|0x0000000711000000, 0x0000000711100000, 0x0000000711100000|100%| E|CS|TAMS 0x0000000711000000, 0x0000000711000000| Complete 
| 245|0x0000000711100000, 0x0000000711200000, 0x0000000711200000|100%| E|CS|TAMS 0x0000000711100000, 0x0000000711100000| Complete 
| 246|0x0000000711200000, 0x0000000711300000, 0x0000000711300000|100%| E|CS|TAMS 0x0000000711200000, 0x0000000711200000| Complete 
| 247|0x0000000711300000, 0x0000000711400000, 0x0000000711400000|100%| E|CS|TAMS 0x0000000711300000, 0x0000000711300000| Complete 
| 248|0x0000000711400000, 0x0000000711500000, 0x0000000711500000|100%| E|CS|TAMS 0x0000000711400000, 0x0000000711400000| Complete 
| 249|0x0000000711500000, 0x0000000711600000, 0x0000000711600000|100%| E|CS|TAMS 0x0000000711500000, 0x0000000711500000| Complete 
| 250|0x0000000711600000, 0x0000000711700000, 0x0000000711700000|100%| E|CS|TAMS 0x0000000711600000, 0x0000000711600000| Complete 
| 251|0x0000000711700000, 0x0000000711800000, 0x0000000711800000|100%| E|CS|TAMS 0x0000000711700000, 0x0000000711700000| Complete 
| 252|0x0000000711800000, 0x0000000711900000, 0x0000000711900000|100%| E|CS|TAMS 0x0000000711800000, 0x0000000711800000| Complete 
| 253|0x0000000711900000, 0x0000000711a00000, 0x0000000711a00000|100%| E|CS|TAMS 0x0000000711900000, 0x0000000711900000| Complete 
| 254|0x0000000711a00000, 0x0000000711b00000, 0x0000000711b00000|100%| E|CS|TAMS 0x0000000711a00000, 0x0000000711a00000| Complete 
| 255|0x0000000711b00000, 0x0000000711c00000, 0x0000000711c00000|100%| E|CS|TAMS 0x0000000711b00000, 0x0000000711b00000| Complete 
| 256|0x0000000711c00000, 0x0000000711d00000, 0x0000000711d00000|100%| E|CS|TAMS 0x0000000711c00000, 0x0000000711c00000| Complete 
| 257|0x0000000711d00000, 0x0000000711e00000, 0x0000000711e00000|100%| E|CS|TAMS 0x0000000711d00000, 0x0000000711d00000| Complete 
| 258|0x0000000711e00000, 0x0000000711f00000, 0x0000000711f00000|100%| E|CS|TAMS 0x0000000711e00000, 0x0000000711e00000| Complete 
| 259|0x0000000711f00000, 0x0000000712000000, 0x0000000712000000|100%| E|CS|TAMS 0x0000000711f00000, 0x0000000711f00000| Complete 
| 260|0x0000000712000000, 0x0000000712100000, 0x0000000712100000|100%| E|CS|TAMS 0x0000000712000000, 0x0000000712000000| Complete 
| 261|0x0000000712100000, 0x0000000712200000, 0x0000000712200000|100%| E|CS|TAMS 0x0000000712100000, 0x0000000712100000| Complete 
| 262|0x0000000712200000, 0x0000000712300000, 0x0000000712300000|100%| E|CS|TAMS 0x0000000712200000, 0x0000000712200000| Complete 
| 263|0x0000000712300000, 0x0000000712400000, 0x0000000712400000|100%| E|CS|TAMS 0x0000000712300000, 0x0000000712300000| Complete 
| 264|0x0000000712400000, 0x0000000712500000, 0x0000000712500000|100%| E|CS|TAMS 0x0000000712400000, 0x0000000712400000| Complete 
| 265|0x0000000712500000, 0x0000000712600000, 0x0000000712600000|100%| E|CS|TAMS 0x0000000712500000, 0x0000000712500000| Complete 
| 266|0x0000000712600000, 0x0000000712700000, 0x0000000712700000|100%| E|CS|TAMS 0x0000000712600000, 0x0000000712600000| Complete 
| 267|0x0000000712700000, 0x0000000712800000, 0x0000000712800000|100%| E|CS|TAMS 0x0000000712700000, 0x0000000712700000| Complete 
| 268|0x0000000712800000, 0x0000000712900000, 0x0000000712900000|100%| E|CS|TAMS 0x0000000712800000, 0x0000000712800000| Complete 
| 269|0x0000000712900000, 0x0000000712a00000, 0x0000000712a00000|100%| E|CS|TAMS 0x0000000712900000, 0x0000000712900000| Complete 
| 270|0x0000000712a00000, 0x0000000712b00000, 0x0000000712b00000|100%| E|CS|TAMS 0x0000000712a00000, 0x0000000712a00000| Complete 
| 271|0x0000000712b00000, 0x0000000712c00000, 0x0000000712c00000|100%| E|CS|TAMS 0x0000000712b00000, 0x0000000712b00000| Complete 
| 272|0x0000000712c00000, 0x0000000712d00000, 0x0000000712d00000|100%| E|CS|TAMS 0x0000000712c00000, 0x0000000712c00000| Complete 
| 273|0x0000000712d00000, 0x0000000712e00000, 0x0000000712e00000|100%| E|CS|TAMS 0x0000000712d00000, 0x0000000712d00000| Complete 
| 274|0x0000000712e00000, 0x0000000712f00000, 0x0000000712f00000|100%| E|CS|TAMS 0x0000000712e00000, 0x0000000712e00000| Complete 
| 275|0x0000000712f00000, 0x0000000713000000, 0x0000000713000000|100%| E|CS|TAMS 0x0000000712f00000, 0x0000000712f00000| Complete 
| 276|0x0000000713000000, 0x0000000713100000, 0x0000000713100000|100%| E|CS|TAMS 0x0000000713000000, 0x0000000713000000| Complete 
| 277|0x0000000713100000, 0x0000000713200000, 0x0000000713200000|100%| E|CS|TAMS 0x0000000713100000, 0x0000000713100000| Complete 
| 278|0x0000000713200000, 0x0000000713300000, 0x0000000713300000|100%| E|CS|TAMS 0x0000000713200000, 0x0000000713200000| Complete 
| 279|0x0000000713300000, 0x0000000713400000, 0x0000000713400000|100%| E|CS|TAMS 0x0000000713300000, 0x0000000713300000| Complete 
| 280|0x0000000713400000, 0x0000000713500000, 0x0000000713500000|100%| E|CS|TAMS 0x0000000713400000, 0x0000000713400000| Complete 
| 281|0x0000000713500000, 0x0000000713600000, 0x0000000713600000|100%| E|CS|TAMS 0x0000000713500000, 0x0000000713500000| Complete 
| 282|0x0000000713600000, 0x0000000713700000, 0x0000000713700000|100%| E|CS|TAMS 0x0000000713600000, 0x0000000713600000| Complete 
| 283|0x0000000713700000, 0x0000000713800000, 0x0000000713800000|100%| E|CS|TAMS 0x0000000713700000, 0x0000000713700000| Complete 
| 284|0x0000000713800000, 0x0000000713900000, 0x0000000713900000|100%| E|CS|TAMS 0x0000000713800000, 0x0000000713800000| Complete 
| 285|0x0000000713900000, 0x0000000713a00000, 0x0000000713a00000|100%| E|CS|TAMS 0x0000000713900000, 0x0000000713900000| Complete 
| 286|0x0000000713a00000, 0x0000000713b00000, 0x0000000713b00000|100%| E|CS|TAMS 0x0000000713a00000, 0x0000000713a00000| Complete 
| 287|0x0000000713b00000, 0x0000000713c00000, 0x0000000713c00000|100%| E|CS|TAMS 0x0000000713b00000, 0x0000000713b00000| Complete 
| 288|0x0000000713c00000, 0x0000000713d00000, 0x0000000713d00000|100%| E|CS|TAMS 0x0000000713c00000, 0x0000000713c00000| Complete 
| 289|0x0000000713d00000, 0x0000000713e00000, 0x0000000713e00000|100%| E|CS|TAMS 0x0000000713d00000, 0x0000000713d00000| Complete 
| 290|0x0000000713e00000, 0x0000000713f00000, 0x0000000713f00000|100%| E|CS|TAMS 0x0000000713e00000, 0x0000000713e00000| Complete 
| 291|0x0000000713f00000, 0x0000000714000000, 0x0000000714000000|100%| E|CS|TAMS 0x0000000713f00000, 0x0000000713f00000| Complete 
| 292|0x0000000714000000, 0x0000000714100000, 0x0000000714100000|100%| E|CS|TAMS 0x0000000714000000, 0x0000000714000000| Complete 
| 293|0x0000000714100000, 0x0000000714200000, 0x0000000714200000|100%| E|CS|TAMS 0x0000000714100000, 0x0000000714100000| Complete 
| 294|0x0000000714200000, 0x0000000714300000, 0x0000000714300000|100%| E|CS|TAMS 0x0000000714200000, 0x0000000714200000| Complete 
| 295|0x0000000714300000, 0x0000000714400000, 0x0000000714400000|100%| E|CS|TAMS 0x0000000714300000, 0x0000000714300000| Complete 
| 296|0x0000000714400000, 0x0000000714500000, 0x0000000714500000|100%| E|CS|TAMS 0x0000000714400000, 0x0000000714400000| Complete 
| 297|0x0000000714500000, 0x0000000714600000, 0x0000000714600000|100%| E|CS|TAMS 0x0000000714500000, 0x0000000714500000| Complete 
| 298|0x0000000714600000, 0x0000000714700000, 0x0000000714700000|100%| E|CS|TAMS 0x0000000714600000, 0x0000000714600000| Complete 
| 299|0x0000000714700000, 0x0000000714800000, 0x0000000714800000|100%| E|CS|TAMS 0x0000000714700000, 0x0000000714700000| Complete 
| 300|0x0000000714800000, 0x0000000714900000, 0x0000000714900000|100%| E|CS|TAMS 0x0000000714800000, 0x0000000714800000| Complete 
| 301|0x0000000714900000, 0x0000000714a00000, 0x0000000714a00000|100%| E|CS|TAMS 0x0000000714900000, 0x0000000714900000| Complete 
| 302|0x0000000714a00000, 0x0000000714b00000, 0x0000000714b00000|100%| E|CS|TAMS 0x0000000714a00000, 0x0000000714a00000| Complete 
| 303|0x0000000714b00000, 0x0000000714c00000, 0x0000000714c00000|100%| E|CS|TAMS 0x0000000714b00000, 0x0000000714b00000| Complete 
| 304|0x0000000714c00000, 0x0000000714d00000, 0x0000000714d00000|100%| E|CS|TAMS 0x0000000714c00000, 0x0000000714c00000| Complete 
| 305|0x0000000714d00000, 0x0000000714e00000, 0x0000000714e00000|100%| E|CS|TAMS 0x0000000714d00000, 0x0000000714d00000| Complete 
| 306|0x0000000714e00000, 0x0000000714f00000, 0x0000000714f00000|100%| E|CS|TAMS 0x0000000714e00000, 0x0000000714e00000| Complete 
| 307|0x0000000714f00000, 0x0000000715000000, 0x0000000715000000|100%| E|CS|TAMS 0x0000000714f00000, 0x0000000714f00000| Complete 

Card table byte_map: [0x0000027c2f850000,0x0000027c30050000] _byte_map_base: 0x0000027c2c042000

Marking Bits (Prev, Next): (CMBitMap*) 0x0000027c1a32dca0, (CMBitMap*) 0x0000027c1a32dc68
 Prev Bits: [0x0000027c347e0000, 0x0000027c38770000)
 Next Bits: [0x0000027c30850000, 0x0000027c347e0000)

Polling page: 0x0000027c1a3b0000

Metaspace:

Usage:
  Non-class:     58.86 MB capacity,    58.34 MB (>99%) used,   412.60 KB ( <1%) free+waste,   117.81 KB ( <1%) overhead. 
      Class:      7.80 MB capacity,     7.49 MB ( 96%) used,   265.49 KB (  3%) free+waste,    51.75 KB ( <1%) overhead. 
       Both:     66.66 MB capacity,    65.83 MB ( 99%) used,   678.09 KB ( <1%) free+waste,   169.56 KB ( <1%) overhead. 

Virtual space:
  Non-class space:       60.00 MB reserved,      59.01 MB ( 98%) committed 
      Class space:        1.00 GB reserved,       7.88 MB ( <1%) committed 
             Both:        1.06 GB reserved,      66.88 MB (  6%) committed 

Chunk freelists:
   Non-Class:  26.00 KB
       Class:  15.00 KB
        Both:  41.00 KB

MaxMetaspaceSize: 17179869184.00 GB
CompressedClassSpaceSize: 1.00 GB

CodeHeap 'non-profiled nmethods': size=120000Kb used=5049Kb max_used=5049Kb free=114950Kb
 bounds [0x0000027c270b0000, 0x0000027c275a0000, 0x0000027c2e5e0000]
CodeHeap 'profiled nmethods': size=120000Kb used=28052Kb max_used=28052Kb free=91947Kb
 bounds [0x0000027c1fb80000, 0x0000027c216f0000, 0x0000027c270b0000]
CodeHeap 'non-nmethods': size=5760Kb used=1235Kb max_used=1300Kb free=4524Kb
 bounds [0x0000027c1f5e0000, 0x0000027c1f850000, 0x0000027c1fb80000]
 total_blobs=10213 nmethods=9621 adapters=502
 compilation: enabled
              stopped_count=0, restarted_count=0
 full_count=0

Compilation events (20 events):
Event: 8.223 Thread 0x0000027c3bc2e000 nmethod 9689 0x0000027c216b6990 code [0x0000027c216b6d40, 0x0000027c216b84b8]
Event: 8.223 Thread 0x0000027c3bc2e000 9695       3       org.jetbrains.kotlin.com.intellij.openapi.diagnostic.Logger::assertTrue (52 bytes)
Event: 8.224 Thread 0x0000027c3bc2e000 nmethod 9695 0x0000027c216b8d10 code [0x0000027c216b8fc0, 0x0000027c216b9d08]
Event: 8.224 Thread 0x0000027c3bc2e000 9690       3       java.lang.invoke.InfoFromMemberName::<init> (72 bytes)
Event: 8.224 Thread 0x0000027c3bc2e000 nmethod 9690 0x0000027c216ba190 code [0x0000027c216ba340, 0x0000027c216ba518]
Event: 8.224 Thread 0x0000027c3bc2e000 9693       3       java.lang.invoke.MethodHandles$Lookup::resolveOrFail (39 bytes)
Event: 8.225 Thread 0x0000027c3bc2e000 nmethod 9693 0x0000027c216ba610 code [0x0000027c216ba8e0, 0x0000027c216bb5c8]
Event: 8.225 Thread 0x0000027c3bc2e000 9694       3       java.lang.invoke.MethodHandles$Lookup::getDirectMethodForConstant (71 bytes)
Event: 8.226 Thread 0x0000027c3bc2e000 nmethod 9694 0x0000027c216bba10 code [0x0000027c216bbd20, 0x0000027c216bcc08]
Event: 8.226 Thread 0x0000027c3bc2e000 9696       3       org.jetbrains.kotlin.com.intellij.psi.tree.IElementType::find (46 bytes)
Event: 8.227 Thread 0x0000027c3bc2e000 nmethod 9696 0x0000027c216bd190 code [0x0000027c216bd400, 0x0000027c216bddd8]
Event: 8.227 Thread 0x0000027c3bc2e000 9697       3       org.jetbrains.kotlin.com.intellij.psi.stubs.StubBase::getStubType (12 bytes)
Event: 8.227 Thread 0x0000027c3bc2e000 nmethod 9697 0x0000027c216be190 code [0x0000027c216be380, 0x0000027c216be7d8]
Event: 8.227 Thread 0x0000027c3bc2e000 9698       3       org.jetbrains.kotlin.com.intellij.psi.stubs.StubList::getStubType (12 bytes)
Event: 8.227 Thread 0x0000027c3bc2e000 nmethod 9698 0x0000027c216be990 code [0x0000027c216beba0, 0x0000027c216bf1d8]
Event: 8.227 Thread 0x0000027c3bc2e000 9686       3       java.lang.invoke.LambdaForm$DMH/0x000000080030b840::invokeStatic (30 bytes)
Event: 8.228 Thread 0x0000027c3bc2e000 nmethod 9686 0x0000027c216bf490 code [0x0000027c216bf6a0, 0x0000027c216bfd48]
Event: 8.228 Thread 0x0000027c3bc2e000 9699       3       org.jetbrains.kotlin.com.intellij.psi.stubs.MostlyUShortIntList::applyAsInt (6 bytes)
Event: 8.228 Thread 0x0000027c3bc2e000 nmethod 9699 0x0000027c216bff10 code [0x0000027c216c0100, 0x0000027c216c0528]
Event: 8.228 Thread 0x0000027c3bc2e000 9703       3       org.jetbrains.org.objectweb.asm.ClassReader::readCode (5089 bytes)

GC Heap History (14 events):
Event: 0.494 GC heap before
{Heap before GC invocations=0 (full 0):
 garbage-first heap   total 262144K, used 27648K [0x0000000701c00000, 0x0000000800000000)
  region size 1024K, 24 young (24576K), 0 survivors (0K)
 Metaspace       used 12341K, capacity 12504K, committed 12800K, reserved 1060864K
  class space    used 1163K, capacity 1207K, committed 1280K, reserved 1048576K
}
Event: 0.497 GC heap after
{Heap after GC invocations=1 (full 0):
 garbage-first heap   total 262144K, used 5758K [0x0000000701c00000, 0x0000000800000000)
  region size 1024K, 3 young (3072K), 3 survivors (3072K)
 Metaspace       used 12341K, capacity 12504K, committed 12800K, reserved 1060864K
  class space    used 1163K, capacity 1207K, committed 1280K, reserved 1048576K
}
Event: 1.055 GC heap before
{Heap before GC invocations=1 (full 0):
 garbage-first heap   total 262144K, used 41598K [0x0000000701c00000, 0x0000000800000000)
  region size 1024K, 39 young (39936K), 3 survivors (3072K)
 Metaspace       used 20926K, capacity 21128K, committed 21296K, reserved 1069056K
  class space    used 2224K, capacity 2327K, committed 2432K, reserved 1048576K
}
Event: 1.065 GC heap after
{Heap after GC invocations=2 (full 0):
 garbage-first heap   total 262144K, used 9327K [0x0000000701c00000, 0x0000000800000000)
  region size 1024K, 7 young (7168K), 7 survivors (7168K)
 Metaspace       used 20926K, capacity 21128K, committed 21296K, reserved 1069056K
  class space    used 2224K, capacity 2327K, committed 2432K, reserved 1048576K
}
Event: 1.964 GC heap before
{Heap before GC invocations=3 (full 0):
 garbage-first heap   total 262144K, used 65647K [0x0000000701c00000, 0x0000000800000000)
  region size 1024K, 57 young (58368K), 7 survivors (7168K)
 Metaspace       used 32773K, capacity 33237K, committed 33584K, reserved 1079296K
  class space    used 4020K, capacity 4201K, committed 4224K, reserved 1048576K
}
Event: 1.976 GC heap after
{Heap after GC invocations=4 (full 0):
 garbage-first heap   total 262144K, used 21011K [0x0000000701c00000, 0x0000000800000000)
  region size 1024K, 8 young (8192K), 8 survivors (8192K)
 Metaspace       used 32773K, capacity 33237K, committed 33584K, reserved 1079296K
  class space    used 4020K, capacity 4201K, committed 4224K, reserved 1048576K
}
Event: 2.116 GC heap before
{Heap before GC invocations=4 (full 0):
 garbage-first heap   total 262144K, used 30227K [0x0000000701c00000, 0x0000000800000000)
  region size 1024K, 18 young (18432K), 8 survivors (8192K)
 Metaspace       used 35291K, capacity 35706K, committed 35920K, reserved 1081344K
  class space    used 4390K, capacity 4555K, committed 4608K, reserved 1048576K
}
Event: 2.124 GC heap after
{Heap after GC invocations=5 (full 0):
 garbage-first heap   total 262144K, used 22035K [0x0000000701c00000, 0x0000000800000000)
  region size 1024K, 9 young (9216K), 9 survivors (9216K)
 Metaspace       used 35291K, capacity 35706K, committed 35920K, reserved 1081344K
  class space    used 4390K, capacity 4555K, committed 4608K, reserved 1048576K
}
Event: 2.280 GC heap before
{Heap before GC invocations=6 (full 0):
 garbage-first heap   total 262144K, used 31251K [0x0000000701c00000, 0x0000000800000000)
  region size 1024K, 18 young (18432K), 9 survivors (9216K)
 Metaspace       used 36582K, capacity 37030K, committed 37328K, reserved 1081344K
  class space    used 4526K, capacity 4719K, committed 4736K, reserved 1048576K
}
Event: 2.287 GC heap after
{Heap after GC invocations=7 (full 0):
 garbage-first heap   total 262144K, used 21389K [0x0000000701c00000, 0x0000000800000000)
  region size 1024K, 3 young (3072K), 3 survivors (3072K)
 Metaspace       used 36582K, capacity 37030K, committed 37328K, reserved 1081344K
  class space    used 4526K, capacity 4719K, committed 4736K, reserved 1048576K
}
Event: 3.732 GC heap before
{Heap before GC invocations=7 (full 0):
 garbage-first heap   total 262144K, used 119693K [0x0000000701c00000, 0x0000000800000000)
  region size 1024K, 96 young (98304K), 3 survivors (3072K)
 Metaspace       used 51522K, capacity 52147K, committed 52304K, reserved 1095680K
  class space    used 6053K, capacity 6307K, committed 6400K, reserved 1048576K
}
Event: 3.746 GC heap after
{Heap after GC invocations=8 (full 0):
 garbage-first heap   total 315392K, used 32106K [0x0000000701c00000, 0x0000000800000000)
  region size 1024K, 11 young (11264K), 11 survivors (11264K)
 Metaspace       used 51522K, capacity 52147K, committed 52304K, reserved 1095680K
  class space    used 6053K, capacity 6307K, committed 6400K, reserved 1048576K
}
Event: 5.401 GC heap before
{Heap before GC invocations=8 (full 0):
 garbage-first heap   total 315392K, used 105834K [0x0000000701c00000, 0x0000000800000000)
  region size 1024K, 84 young (86016K), 11 survivors (11264K)
 Metaspace       used 59407K, capacity 60096K, committed 60296K, reserved 1101824K
  class space    used 6875K, capacity 7172K, committed 7296K, reserved 1048576K
}
Event: 5.453 GC heap after
{Heap after GC invocations=9 (full 0):
 garbage-first heap   total 315392K, used 43298K [0x0000000701c00000, 0x0000000800000000)
  region size 1024K, 19 young (19456K), 19 survivors (19456K)
 Metaspace       used 59407K, capacity 60096K, committed 60296K, reserved 1101824K
  class space    used 6875K, capacity 7172K, committed 7296K, reserved 1048576K
}

Deoptimization events (20 events):
Event: 8.020 Thread 0x0000027c1a2cb800 Uncommon trap: trap_request=0xffffff4d fr.pc=0x0000027c274c23f4 relative=0x0000000000000534
Event: 8.020 Thread 0x0000027c1a2cb800 Uncommon trap: reason=unstable_if action=reinterpret pc=0x0000027c274c23f4 method=java.lang.AbstractStringBuilder.putStringAt(ILjava/lang/String;)V @ 8 c2
Event: 8.020 Thread 0x0000027c1a2cb800 DEOPT PACKING pc=0x0000027c274c23f4 sp=0x000000a2954fbfc0
Event: 8.020 Thread 0x0000027c1a2cb800 DEOPT UNPACKING pc=0x0000027c1f607b2f sp=0x000000a2954fbf30 mode 2
Event: 8.020 Thread 0x0000027c1a2cb800 Uncommon trap: trap_request=0xffffff4d fr.pc=0x0000027c270d895c relative=0x000000000000039c
Event: 8.020 Thread 0x0000027c1a2cb800 Uncommon trap: reason=unstable_if action=reinterpret pc=0x0000027c270d895c method=java.lang.AbstractStringBuilder.isLatin1()Z @ 10 c2
Event: 8.020 Thread 0x0000027c1a2cb800 DEOPT PACKING pc=0x0000027c270d895c sp=0x000000a2954fc040
Event: 8.020 Thread 0x0000027c1a2cb800 DEOPT UNPACKING pc=0x0000027c1f607b2f sp=0x000000a2954fbfc0 mode 2
Event: 8.057 Thread 0x0000027c1a2cb800 Uncommon trap: trap_request=0xffffffde fr.pc=0x0000027c2752af78 relative=0x0000000000000998
Event: 8.057 Thread 0x0000027c1a2cb800 Uncommon trap: reason=class_check action=maybe_recompile pc=0x0000027c2752af78 method=org.jetbrains.kotlin.types.TypeWithEnhancementKt.inheritEnhancement(Lorg/jetbrains/kotlin/types/UnwrappedType;Lorg/jetbrains/kotlin/types/KotlinType;Lkotlin/jvm/function
Event: 8.057 Thread 0x0000027c1a2cb800 DEOPT PACKING pc=0x0000027c2752af78 sp=0x000000a2954fb0e0
Event: 8.057 Thread 0x0000027c1a2cb800 DEOPT UNPACKING pc=0x0000027c1f607b2f sp=0x000000a2954fb008 mode 2
Event: 8.057 Thread 0x0000027c1a2cb800 Uncommon trap: trap_request=0xffffff4d fr.pc=0x0000027c2751ba04 relative=0x0000000000000f24
Event: 8.057 Thread 0x0000027c1a2cb800 Uncommon trap: reason=unstable_if action=reinterpret pc=0x0000027c2751ba04 method=org.jetbrains.kotlin.types.TypeUtils.contains(Lorg/jetbrains/kotlin/types/KotlinType;Lkotlin/jvm/functions/Function1;Lkotlin/jvm/functions/Function1;Lorg/jetbrains/kotlin/ut
Event: 8.057 Thread 0x0000027c1a2cb800 DEOPT PACKING pc=0x0000027c2751ba04 sp=0x000000a2954fb570
Event: 8.057 Thread 0x0000027c1a2cb800 DEOPT UNPACKING pc=0x0000027c1f607b2f sp=0x000000a2954fb510 mode 2
Event: 8.211 Thread 0x0000027c1a2cb800 Uncommon trap: trap_request=0xffffffde fr.pc=0x0000027c274bfa58 relative=0x0000000000000098
Event: 8.211 Thread 0x0000027c1a2cb800 Uncommon trap: reason=class_check action=maybe_recompile pc=0x0000027c274bfa58 method=org.jetbrains.kotlin.descriptors.impl.SimpleFunctionDescriptorImpl.initialize(Lorg/jetbrains/kotlin/descriptors/ReceiverParameterDescriptor;Lorg/jetbrains/kotlin/descrip
Event: 8.211 Thread 0x0000027c1a2cb800 DEOPT PACKING pc=0x0000027c274bfa58 sp=0x000000a2954f77f0
Event: 8.211 Thread 0x0000027c1a2cb800 DEOPT UNPACKING pc=0x0000027c1f607b2f sp=0x000000a2954f77c0 mode 2

Classes redefined (0 events):
No events

Internal exceptions (20 events):
Event: 4.389 Thread 0x0000027c1a2cb800 Implicit null exception at 0x0000027c2720504c to 0x0000027c27205134
Event: 4.450 Thread 0x0000027c1a2cb800 Exception <a 'java/lang/NoSuchMethodError'{0x0000000712d0d348}: 'java.lang.Object java.lang.invoke.DirectMethodHandle$Holder.invokeSpecial(java.lang.Object, java.lang.Object, java.lang.Object, java.lang.Object, java.lang.Object, java.lang.Object, java.lang.Object, java.lang.Object, java.lang.Object)'> (0x0000000712d0d348) thrown at [./src/hotspot/share/interpreter/linkResolver.cpp, line 773]
Event: 4.450 Thread 0x0000027c1a2cb800 Exception <a 'java/lang/NoSuchMethodError'{0x0000000712d11540}: 'java.lang.Object java.lang.invoke.Invokers$Holder.linkToTargetMethod(java.lang.Object, java.lang.Object, java.lang.Object, java.lang.Object, java.lang.Object, java.lang.Object, java.lang.Object, java.lang.Object)'> (0x0000000712d11540) thrown at [./src/hotspot/share/interpreter/linkResolver.cpp, line 773]
Event: 5.007 Thread 0x0000027c1a2cb800 Exception <a 'java/lang/NoSuchMethodError'{0x0000000711878ad8}: 'int java.lang.invoke.DirectMethodHandle$Holder.invokeStaticInit(java.lang.Object, int)'> (0x0000000711878ad8) thrown at [./src/hotspot/share/interpreter/linkResolver.cpp, line 773]
Event: 5.217 Thread 0x0000027c1a2cb800 Exception <a 'java/lang/NoSuchMethodError'{0x0000000711036688}: 'java.lang.Object java.lang.invoke.DirectMethodHandle$Holder.invokeStaticInit(java.lang.Object, java.lang.Object, java.lang.Object)'> (0x0000000711036688) thrown at [./src/hotspot/share/interpreter/linkResolver.cpp, line 773]
Event: 5.875 Thread 0x0000027c1a2cb800 Exception <a 'java/lang/NoSuchMethodError'{0x00000007136e67c0}: 'int java.lang.invoke.DirectMethodHandle$Holder.invokeInterface(java.lang.Object, java.lang.Object)'> (0x00000007136e67c0) thrown at [./src/hotspot/share/interpreter/linkResolver.cpp, line 773]
Event: 5.922 Thread 0x0000027c1a2cb800 Exception <a 'java/lang/NoSuchMethodError'{0x00000007132287d0}: 'java.lang.Object java.lang.invoke.DirectMethodHandle$Holder.invokeStatic(java.lang.Object, int, java.lang.Object, java.lang.Object)'> (0x00000007132287d0) thrown at [./src/hotspot/share/interpreter/linkResolver.cpp, line 773]
Event: 6.199 Thread 0x0000027c1a2cb800 Exception <a 'java/lang/NoSuchMethodError'{0x00000007117c6f48}: 'java.lang.Object java.lang.invoke.Invokers$Holder.linkToTargetMethod(java.lang.Object, java.lang.Object, java.lang.Object, int, int, java.lang.Object)'> (0x00000007117c6f48) thrown at [./src/hotspot/share/interpreter/linkResolver.cpp, line 773]
Event: 6.236 Thread 0x0000027c1a2cb800 Exception <a 'java/lang/NoSuchMethodError'{0x000000071158af20}: 'int java.lang.invoke.DirectMethodHandle$Holder.invokeVirtual(java.lang.Object, java.lang.Object, java.lang.Object)'> (0x000000071158af20) thrown at [./src/hotspot/share/interpreter/linkResolver.cpp, line 773]
Event: 6.284 Thread 0x0000027c1a2cb800 Exception <a 'java/lang/NoSuchMethodError'{0x000000071139df10}: 'void java.lang.invoke.DirectMethodHandle$Holder.invokeInterface(java.lang.Object, java.lang.Object)'> (0x000000071139df10) thrown at [./src/hotspot/share/interpreter/linkResolver.cpp, line 773]
Event: 6.444 Thread 0x0000027c1a2cb800 Implicit null exception at 0x0000027c27240384 to 0x0000027c27240e50
Event: 6.448 Thread 0x0000027c1a2cb800 Implicit null exception at 0x0000027c27167f43 to 0x0000027c271680c8
Event: 6.448 Thread 0x0000027c1a2cb800 Implicit null exception at 0x0000027c2710b2f8 to 0x0000027c2710b38a
Event: 6.459 Thread 0x0000027c1a2cb800 Exception <a 'java/lang/NoSuchMethodError'{0x0000000710ec0830}: 'java.lang.Object java.lang.invoke.DirectMethodHandle$Holder.invokeInterface(java.lang.Object, java.lang.Object, java.lang.Object)'> (0x0000000710ec0830) thrown at [./src/hotspot/share/interpreter/linkResolver.cpp, line 773]
Event: 6.459 Thread 0x0000027c1a2cb800 Exception <a 'java/lang/IncompatibleClassChangeError'{0x0000000710ec3a60}: Found class java.lang.Object, but interface was expected> (0x0000000710ec3a60) thrown at [./src/hotspot/share/interpreter/linkResolver.cpp, line 839]
Event: 6.468 Thread 0x0000027c1a2cb800 Implicit null exception at 0x0000027c270c9ff7 to 0x0000027c270ca504
Event: 6.484 Thread 0x0000027c1a2cb800 Implicit null exception at 0x0000027c270caaf4 to 0x0000027c270cb01c
Event: 6.485 Thread 0x0000027c1a2cb800 Implicit null exception at 0x0000027c270ee2af to 0x0000027c270ee329
Event: 6.553 Thread 0x0000027c1a2cb800 Exception <a 'java/lang/NoSuchMethodError'{0x00000007109ad550}: 'java.lang.Object java.lang.invoke.Invokers$Holder.linkToTargetMethod(java.lang.Object, java.lang.Object, java.lang.Object, java.lang.Object, java.lang.Object, java.lang.Object, java.lang.Object)'> (0x00000007109ad550) thrown at [./src/hotspot/share/interpreter/linkResolver.cpp, line 773]
Event: 7.857 Thread 0x0000027c1a2cb800 Implicit null exception at 0x0000027c27507422 to 0x0000027c27507aa8

Events (20 events):
Event: 8.243 loading class org/jetbrains/kotlin/psi/KtClassOrObject
Event: 8.243 loading class org/jetbrains/kotlin/psi/KtClassOrObject done
Event: 8.243 loading class org/jetbrains/kotlin/asJava/classes/KtUltraLightSupport
Event: 8.243 loading class org/jetbrains/kotlin/asJava/classes/KtUltraLightSupport done
Event: 8.244 loading class org/jetbrains/kotlin/asJava/classes/KtUltraLightSupport$Companion
Event: 8.244 loading class org/jetbrains/kotlin/asJava/classes/KtUltraLightSupport$Companion done
Event: 8.244 loading class org/jetbrains/kotlin/asJava/classes/KtLightClassForSourceDeclarationKt
Event: 8.244 loading class org/jetbrains/kotlin/asJava/classes/KtLightClassForSourceDeclarationKt done
Event: 8.244 loading class org/jetbrains/kotlin/asJava/classes/KtLightClassForSourceDeclarationKt$shouldNotBeVisibleAsLightClass$$inlined$filterIsInstance$1
Event: 8.244 loading class org/jetbrains/kotlin/asJava/classes/KtLightClassForSourceDeclarationKt$shouldNotBeVisibleAsLightClass$$inlined$filterIsInstance$1 done
Event: 8.245 loading class org/jetbrains/kotlin/cli/jvm/compiler/CliLightClassGenerationSupport$CliLightClassSupport
Event: 8.245 loading class org/jetbrains/kotlin/cli/jvm/compiler/CliLightClassGenerationSupport$CliLightClassSupport done
Event: 8.245 loading class org/jetbrains/kotlin/cli/jvm/compiler/CliLightClassGenerationSupport$CliLightClassSupport$typeMapper$2
Event: 8.245 loading class org/jetbrains/kotlin/cli/jvm/compiler/CliLightClassGenerationSupport$CliLightClassSupport$typeMapper$2 done
Event: 8.245 loading class org/jetbrains/kotlin/asJava/classes/UltraLightUtilsKt$safeIsLocal$$inlined$runReadAction$1
Event: 8.245 loading class org/jetbrains/kotlin/asJava/classes/UltraLightUtilsKt$safeIsLocal$$inlined$runReadAction$1 done
Event: 8.246 loading class org/jetbrains/kotlin/asJava/classes/KtUltraLightClass
Event: 8.246 loading class org/jetbrains/kotlin/asJava/classes/KtUltraLightClass done
Event: 8.247 loading class org/jetbrains/kotlin/asJava/classes/KtLightClassImpl
Event: 8.247 loading class org/jetbrains/kotlin/asJava/classes/KtLightClassImpl done


Dynamic libraries:
0x00007ff64d060000 - 0x00007ff64d06a000 	C:\Program Files\Android\Android Studio\jre\bin\java.exe
0x00007ffafad90000 - 0x00007ffafaf85000 	C:\WINDOWS\SYSTEM32\ntdll.dll
0x00007ffaf9930000 - 0x00007ffaf99ee000 	C:\WINDOWS\System32\KERNEL32.DLL
0x00007ffaf85c0000 - 0x00007ffaf8888000 	C:\WINDOWS\System32\KERNELBASE.dll
0x00007ffaf8cd0000 - 0x00007ffaf8dd0000 	C:\WINDOWS\System32\ucrtbase.dll
0x00007ffadc930000 - 0x00007ffadc949000 	C:\Program Files\Android\Android Studio\jre\bin\jli.dll
0x00007ffadc7c0000 - 0x00007ffadc7d7000 	C:\Program Files\Android\Android Studio\jre\bin\VCRUNTIME140.dll
0x00007ffafa110000 - 0x00007ffafa2b1000 	C:\WINDOWS\System32\USER32.dll
0x00007ffae5510000 - 0x00007ffae57aa000 	C:\WINDOWS\WinSxS\amd64_microsoft.windows.common-controls_6595b64144ccf1df_6.0.19041.1110_none_60b5254171f9507e\COMCTL32.dll
0x00007ffaf84a0000 - 0x00007ffaf84c2000 	C:\WINDOWS\System32\win32u.dll
0x00007ffafa6a0000 - 0x00007ffafa73e000 	C:\WINDOWS\System32\msvcrt.dll
0x00007ffaf99f0000 - 0x00007ffaf9a1b000 	C:\WINDOWS\System32\GDI32.dll
0x00007ffaf89f0000 - 0x00007ffaf8afd000 	C:\WINDOWS\System32\gdi32full.dll
0x00007ffaf84d0000 - 0x00007ffaf856d000 	C:\WINDOWS\System32\msvcp_win.dll
0x00007ffaf8dd0000 - 0x00007ffaf8e00000 	C:\WINDOWS\System32\IMM32.DLL
0x00007ffacee00000 - 0x00007ffacee9d000 	C:\Program Files\Android\Android Studio\jre\bin\msvcp140.dll
0x00007ffaba7f0000 - 0x00007ffabb2bf000 	C:\Program Files\Android\Android Studio\jre\bin\server\jvm.dll
0x00007ffafabc0000 - 0x00007ffafac6c000 	C:\WINDOWS\System32\ADVAPI32.dll
0x00007ffaf9af0000 - 0x00007ffaf9b8b000 	C:\WINDOWS\System32\sechost.dll
0x00007ffaf9dd0000 - 0x00007ffaf9efa000 	C:\WINDOWS\System32\RPCRT4.dll
0x00007ffaf9790000 - 0x00007ffaf9798000 	C:\WINDOWS\System32\PSAPI.DLL
0x00007ffae5500000 - 0x00007ffae5509000 	C:\WINDOWS\SYSTEM32\WSOCK32.dll
0x00007ffaee9c0000 - 0x00007ffaee9ca000 	C:\WINDOWS\SYSTEM32\VERSION.dll
0x00007ffadd760000 - 0x00007ffadd787000 	C:\WINDOWS\SYSTEM32\WINMM.dll
0x00007ffaf97a0000 - 0x00007ffaf980b000 	C:\WINDOWS\System32\WS2_32.dll
0x00007ffaf6390000 - 0x00007ffaf63a2000 	C:\WINDOWS\SYSTEM32\kernel.appcore.dll
0x00007ffaf5a40000 - 0x00007ffaf5a51000 	C:\Program Files\Android\Android Studio\jre\bin\verify.dll
0x00007ffae4f10000 - 0x00007ffae50f4000 	C:\WINDOWS\SYSTEM32\DBGHELP.DLL
0x00007ffae4960000 - 0x00007ffae498c000 	C:\WINDOWS\SYSTEM32\dbgcore.DLL
0x00007ffaf8c10000 - 0x00007ffaf8c92000 	C:\WINDOWS\System32\bcryptPrimitives.dll
0x00007ffae2460000 - 0x00007ffae2489000 	C:\Program Files\Android\Android Studio\jre\bin\java.dll
0x00007ffaf5a30000 - 0x00007ffaf5a3b000 	C:\Program Files\Android\Android Studio\jre\bin\jimage.dll
0x00007ffaf10b0000 - 0x00007ffaf10c8000 	C:\Program Files\Android\Android Studio\jre\bin\zip.dll
0x00007ffaf8f30000 - 0x00007ffaf9674000 	C:\WINDOWS\System32\SHELL32.dll
0x00007ffaf6590000 - 0x00007ffaf6d24000 	C:\WINDOWS\SYSTEM32\windows.storage.dll
0x00007ffafa2e0000 - 0x00007ffafa635000 	C:\WINDOWS\System32\combase.dll
0x00007ffaf7e20000 - 0x00007ffaf7e4e000 	C:\WINDOWS\SYSTEM32\Wldp.dll
0x00007ffaf9f00000 - 0x00007ffaf9fad000 	C:\WINDOWS\System32\SHCORE.dll
0x00007ffafa0a0000 - 0x00007ffafa0f5000 	C:\WINDOWS\System32\shlwapi.dll
0x00007ffaf83e0000 - 0x00007ffaf83ff000 	C:\WINDOWS\SYSTEM32\profapi.dll
0x00007ffaf0300000 - 0x00007ffaf031a000 	C:\Program Files\Android\Android Studio\jre\bin\net.dll
0x00007ffaf1bf0000 - 0x00007ffaf1cfc000 	C:\WINDOWS\SYSTEM32\WINHTTP.dll
0x00007ffaf7b80000 - 0x00007ffaf7bea000 	C:\WINDOWS\system32\mswsock.dll
0x00007ffae6500000 - 0x00007ffae6514000 	C:\Program Files\Android\Android Studio\jre\bin\nio.dll

dbghelp: loaded successfully - version: 4.0.5 - missing functions: none
symbol engine: initialized successfully - sym options: 0x614 - pdb path: .;C:\Program Files\Android\Android Studio\jre\bin;C:\WINDOWS\SYSTEM32;C:\WINDOWS\WinSxS\amd64_microsoft.windows.common-controls_6595b64144ccf1df_6.0.19041.1110_none_60b5254171f9507e;C:\Program Files\Android\Android Studio\jre\bin\server

VM Arguments:
java_command: org.jetbrains.kotlin.cli.jvm.K2JVMCompiler @C:\AndroidProjects\RecipeApp\app\build\20220112_10630783712758763156.compiler.options
java_class_path (initial): C:\Users\maver\.gradle\caches\modules-2\files-2.1\org.jetbrains.kotlin\kotlin-compiler-embeddable\1.6.10\88f2073f4020cdb83132cfe940ceb9a60aba54ea\kotlin-compiler-embeddable-1.6.10.jar;C:\Users\maver\.gradle\caches\modules-2\files-2.1\org.jetbrains.kotlin\kotlin-reflect\1.6.10\1cbe9c92c12a94eea200d23c2bbaedaf3daf5132\kotlin-reflect-1.6.10.jar;C:\Users\maver\.gradle\caches\modules-2\files-2.1\org.jetbrains.kotlin\kotlin-stdlib\1.6.10\b8af3fe6f1ca88526914929add63cf5e7c5049af\kotlin-stdlib-1.6.10.jar;C:\Users\maver\.gradle\caches\modules-2\files-2.1\org.jetbrains.kotlin\kotlin-script-runtime\1.6.10\d0a7ff2e2500ef497ed0214ae40ad3c8387a6164\kotlin-script-runtime-1.6.10.jar;C:\Users\maver\.gradle\caches\modules-2\files-2.1\org.jetbrains.kotlin\kotlin-daemon-embeddable\1.6.10\a56d79bcbea411fa6058e4ecffc2de73e742bd2a\kotlin-daemon-embeddable-1.6.10.jar;C:\Users\maver\.gradle\caches\modules-2\files-2.1\org.jetbrains.intellij.deps\trove4j\1.0.20181211\216c2e14b070f334479d800987affe4054cd563f\trove4j-1.0.20181211.jar;C:\Users\maver\.gradle\caches\modules-2\files-2.1\net.java.dev.jna\jna\5.6.0\330f2244e9030119ab3030fc3fededc86713d9cc\jna-5.6.0.jar;C:\Users\maver\.gradle\caches\modules-2\files-2.1\org.jetbrains\annotations\13.0\919f0dfe192fb4e063e7dacadee7f8bb9a2672a9\annotations-13.0.jar;C:\Users\maver\.gradle\caches\modules-2\files-2.1\org.jetbrains.kotlin\kotlin-stdlib-common\1.6.10\c118700e3a33c8a0d9adc920e9dec0831171925\kotlin-stdlib-common-1.6.10.jar
Launcher Type: SUN_STANDARD

[Global flags]
     intx CICompilerCount                          = 4                                         {product} {ergonomic}
     uint ConcGCThreads                            = 2                                         {product} {ergonomic}
     uint G1ConcRefinementThreads                  = 8                                         {product} {ergonomic}
   size_t G1HeapRegionSize                         = 1048576                                   {product} {ergonomic}
    uintx GCDrainStackTargetSize                   = 64                                        {product} {ergonomic}
   size_t InitialHeapSize                          = 268435456                                 {product} {ergonomic}
   size_t MarkStackSize                            = 4194304                                   {product} {ergonomic}
   size_t MaxHeapSize                              = 4265607168                                {product} {ergonomic}
   size_t MaxNewSize                               = 2558525440                                {product} {ergonomic}
   size_t MinHeapDeltaBytes                        = 1048576                                   {product} {ergonomic}
    uintx NonNMethodCodeHeapSize                   = 5836300                                {pd product} {ergonomic}
    uintx NonProfiledCodeHeapSize                  = 122910970                              {pd product} {ergonomic}
    uintx ProfiledCodeHeapSize                     = 122910970                              {pd product} {ergonomic}
    uintx ReservedCodeCacheSize                    = 251658240                              {pd product} {ergonomic}
     bool SegmentedCodeCache                       = true                                      {product} {ergonomic}
     bool UseCompressedClassPointers               = true                                 {lp64_product} {ergonomic}
     bool UseCompressedOops                        = true                                 {lp64_product} {ergonomic}
     bool UseG1GC                                  = true                                      {product} {ergonomic}
     bool UseLargePagesIndividualAllocation        = false                                  {pd product} {ergonomic}

Logging:
Log output configuration:
 #0: stdout all=warning uptime,level,tags
 #1: stderr all=off uptime,level,tags

Environment Variables:
PATH=C:\Perl64\bin;C:\Users\maver\AppData\Roaming\ActiveState\bin;E:\Program Files\NVIDIA GPU Computing Toolkit\CUDA\v11.1\bin;E:\Program Files\NVIDIA GPU Computing Toolkit\CUDA\v11.1\libnvvp;C:\Windows\system32;C:\Windows;C:\Windows\System32\Wbem;C:\Windows\System32\WindowsPowerShell\v1.0\;C:\Windows\System32\OpenSSH\;C:\Program Files (x86)\NVIDIA Corporation\PhysX\Common;C:\Program Files (x86)\MatLab\runtime\win64;C:\Program Files (x86)\MatLab\bin;E:\Program Files\NVIDIA Corporation\Nsight Compute 2020.2.0\;E:\Program Files\NVIDIA Corporation\NVIDIA NvDLISR;E:\Program Files\dotnet\;C:\WINDOWS\system32;C:\WINDOWS;C:\WINDOWS\System32\Wbem;C:\WINDOWS\System32\WindowsPowerShell\v1.0\;C:\WINDOWS\System32\OpenSSH\;E:\Program Files\Microsoft SQL Server\130\Tools\Binn\;E:\Program Files\Microsoft SQL Server\Client SDK\ODBC\170\Tools\Binn\;E:\Program Files\Microchip\xc8\v2.31\bin;E:\Dwimperl\perl\bin;E:\Dwimperl\perl\site\bin;E:\Dwimperl\c\bin;C:\Program Files\Git\cmd;C:\Program Files\nodejs\;C:\Users\maver\AppData\Local\Microsoft\WindowsApps;C:\Users\maver\.dotnet\tools;E:\Program Files (x86)\MiKTeX\miktex\bin\x64\;C:\Users\maver\AppData\Local\GitHubDesktop\bin;C:\Users\maver\AppData\Local\Programs\Microsoft VS Code\bin;C:\Users\maver\AppData\Roaming\npm;C:\Users\maver\AppData\Local\Programs\Hyper\resources\bin
USERNAME=maver
OS=Windows_NT
PROCESSOR_IDENTIFIER=Intel64 Family 6 Model 60 Stepping 3, GenuineIntel



---------------  S Y S T E M  ---------------

OS: Windows 10 , 64 bit Build 19041 (10.0.19041.1348)
OS uptime: 1 days 6:48 hours

CPU:total 8 (initial active 8) (4 cores per cpu, 2 threads per core) family 6 model 60 stepping 3 microcode 0x27, cmov, cx8, fxsr, mmx, sse, sse2, sse3, ssse3, sse4.1, sse4.2, popcnt, avx, avx2, aes, clmul, erms, lzcnt, ht, tsc, tscinvbit, bmi1, bmi2, fma

Memory: 4k page, system-wide physical 16268M (2618M free)
TotalPageFile size 16268M (AvailPageFile size 5M)
current process WorkingSet (physical memory assigned to process): 428M, peak: 428M
current process commit charge ("private bytes"): 574M, peak: 574M

vm_info: OpenJDK 64-Bit Server VM (11.0.10+0-b96-7249189) for windows-amd64 JRE (11.0.10+0-b96-7249189), built on Mar 31 2021 21:44:00 by "builder" with MS VC++ 14.0 (VS2015)

END.
